[ +387 ms] Artifact Instance of 'MaterialFonts' is not required, skipping update.
[  +20 ms] Artifact Instance of 'GradleWrapper' is not required, skipping update.
[   +1 ms] Artifact Instance of 'AndroidGenSnapshotArtifacts' is not required, skipping update.
[   +2 ms] Artifact Instance of 'AndroidInternalBuildArtifacts' is not required, skipping update.
[   +1 ms] Artifact Instance of 'IOSEngineArtifacts' is not required, skipping update.
[        ] Artifact Instance of 'FlutterWebSdk' is not required, skipping update.
[  +29 ms] Artifact Instance of 'LegacyCanvasKitRemover' is not required, skipping update.
[        ] Artifact Instance of 'FlutterSdk' is not required, skipping update.
[        ] Artifact Instance of 'WindowsEngineArtifacts' is not required, skipping update.
[        ] Artifact Instance of 'MacOSEngineArtifacts' is not required, skipping update.
[        ] Artifact Instance of 'LinuxEngineArtifacts' is not required, skipping update.
[   +4 ms] Artifact Instance of 'LinuxFuchsiaSDKArtifacts' is not required, skipping update.
[        ] Artifact Instance of 'MacOSFuchsiaSDKArtifacts' is not required, skipping update.
[        ] Artifact Instance of 'FlutterRunnerSDKArtifacts' is not required, skipping update.
[        ] Artifact Instance of 'FlutterRunnerDebugSymbols' is not required, skipping update.
[        ] Artifact Instance of 'IosUsbArtifacts' is not required, skipping update.
[        ] Artifact Instance of 'IosUsbArtifacts' is not required, skipping update.
[        ] Artifact Instance of 'IosUsbArtifacts' is not required, skipping update.
[        ] Artifact Instance of 'IosUsbArtifacts' is not required, skipping update.
[        ] Artifact Instance of 'IosUsbArtifacts' is not required, skipping update.
[        ] Artifact Instance of 'IosUsbArtifacts' is not required, skipping update.
[        ] Artifact Instance of 'FontSubsetArtifacts' is not required, skipping update.
[        ] Artifact Instance of 'PubDependencies' is not required, skipping update.
[ +289 ms] Artifact Instance of 'AndroidGenSnapshotArtifacts' is not required, skipping update.
[        ] Artifact Instance of 'AndroidInternalBuildArtifacts' is not required, skipping update.
[        ] Artifact Instance of 'IOSEngineArtifacts' is not required, skipping update.
[        ] Artifact Instance of 'FlutterWebSdk' is not required, skipping update.
[        ] Artifact Instance of 'FlutterEngineStamp' is not required, skipping update.
[        ] Artifact Instance of 'LegacyCanvasKitRemover' is not required, skipping update.
[   +6 ms] Artifact Instance of 'WindowsEngineArtifacts' is not required, skipping update.
[        ] Artifact Instance of 'MacOSEngineArtifacts' is not required, skipping update.
[        ] Artifact Instance of 'LinuxEngineArtifacts' is not required, skipping update.
[        ] Artifact Instance of 'LinuxFuchsiaSDKArtifacts' is not required, skipping update.
[        ] Artifact Instance of 'MacOSFuchsiaSDKArtifacts' is not required, skipping update.
[        ] Artifact Instance of 'FlutterRunnerSDKArtifacts' is not required, skipping update.
[        ] Artifact Instance of 'FlutterRunnerDebugSymbols' is not required, skipping update.
[ +343 ms] Artifact Instance of 'MaterialFonts' is not required, skipping update.
[        ] Artifact Instance of 'GradleWrapper' is not required, skipping update.
[   +7 ms] Artifact Instance of 'AndroidInternalBuildArtifacts' is not required, skipping update.
[        ] Artifact Instance of 'IOSEngineArtifacts' is not required, skipping update.
[        ] Artifact Instance of 'FlutterWebSdk' is not required, skipping update.
[        ] Artifact Instance of 'FlutterEngineStamp' is not required, skipping update.
[        ] Artifact Instance of 'LegacyCanvasKitRemover' is not required, skipping update.
[        ] Artifact Instance of 'FlutterSdk' is not required, skipping update.
[        ] Artifact Instance of 'WindowsEngineArtifacts' is not required, skipping update.
[        ] Artifact Instance of 'MacOSEngineArtifacts' is not required, skipping update.
[        ] Artifact Instance of 'LinuxEngineArtifacts' is not required, skipping update.
[        ] Artifact Instance of 'LinuxFuchsiaSDKArtifacts' is not required, skipping update.
[        ] Artifact Instance of 'MacOSFuchsiaSDKArtifacts' is not required, skipping update.
[        ] Artifact Instance of 'FlutterRunnerSDKArtifacts' is not required, skipping update.
[        ] Artifact Instance of 'FlutterRunnerDebugSymbols' is not required, skipping update.
[        ] Artifact Instance of 'IosUsbArtifacts' is not required, skipping update.
[        ] Artifact Instance of 'IosUsbArtifacts' is not required, skipping update.
[        ] Artifact Instance of 'IosUsbArtifacts' is not required, skipping update.
[        ] Artifact Instance of 'IosUsbArtifacts' is not required, skipping update.
[        ] Artifact Instance of 'IosUsbArtifacts' is not required, skipping update.
[        ] Artifact Instance of 'IosUsbArtifacts' is not required, skipping update.
[        ] Artifact Instance of 'FontSubsetArtifacts' is not required, skipping update.
[        ] Artifact Instance of 'PubDependencies' is not required, skipping update.
[ +271 ms] Skipping pub get: version match.
[+1623 ms] Found plugin firebase_core at C:\Users\PC\AppData\Local\Pub\Cache\hosted\pub.dev\firebase_core-3.15.2\
[  +66 ms] Found plugin firebase_core_web at C:\Users\PC\AppData\Local\Pub\Cache\hosted\pub.dev\firebase_core_web-2.24.1\
[  +75 ms] Found plugin cloud_firestore at C:\Users\PC\AppData\Local\Pub\Cache\hosted\pub.dev\cloud_firestore-5.6.12\
[  +27 ms] Found plugin cloud_firestore_web at C:\Users\PC\AppData\Local\Pub\Cache\hosted\pub.dev\cloud_firestore_web-4.4.12\
[  +33 ms] Found plugin video_thumbnail at C:\Users\PC\AppData\Local\Pub\Cache\hosted\pub.dev\video_thumbnail-0.5.6\
[  +27 ms] Found plugin video_player at C:\Users\PC\AppData\Local\Pub\Cache\hosted\pub.dev\video_player-2.10.1\
[   +6 ms] Found plugin video_player_web at C:\Users\PC\AppData\Local\Pub\Cache\hosted\pub.dev\video_player_web-2.4.0\
[  +12 ms] Found plugin video_player_avfoundation at C:\Users\PC\AppData\Local\Pub\Cache\hosted\pub.dev\video_player_avfoundation-2.8.5\
[  +27 ms] Found plugin video_player_android at C:\Users\PC\AppData\Local\Pub\Cache\hosted\pub.dev\video_player_android-2.8.17\
[  +62 ms] Found plugin video_compress at C:\Users\PC\AppData\Local\Pub\Cache\hosted\pub.dev\video_compress-3.1.4\
[  +29 ms] Found plugin vibration at C:\Users\PC\AppData\Local\Pub\Cache\hosted\pub.dev\vibration-3.1.4\
[ +120 ms] Found plugin device_info_plus at C:\Users\PC\AppData\Local\Pub\Cache\hosted\pub.dev\device_info_plus-9.1.2\
[ +179 ms] Found plugin url_launcher at C:\Users\PC\AppData\Local\Pub\Cache\hosted\pub.dev\url_launcher-6.3.2\
[  +34 ms] Found plugin url_launcher_windows at C:\Users\PC\AppData\Local\Pub\Cache\hosted\pub.dev\url_launcher_windows-3.1.4\
[  +56 ms] Found plugin url_launcher_web at C:\Users\PC\AppData\Local\Pub\Cache\hosted\pub.dev\url_launcher_web-2.4.1\
[  +29 ms] Found plugin url_launcher_macos at C:\Users\PC\AppData\Local\Pub\Cache\hosted\pub.dev\url_launcher_macos-3.2.4\
[  +31 ms] Found plugin url_launcher_linux at C:\Users\PC\AppData\Local\Pub\Cache\hosted\pub.dev\url_launcher_linux-3.2.1\
[   +6 ms] Found plugin url_launcher_ios at C:\Users\PC\AppData\Local\Pub\Cache\hosted\pub.dev\url_launcher_ios-6.3.5\
[   +6 ms] Found plugin url_launcher_android at C:\Users\PC\AppData\Local\Pub\Cache\hosted\pub.dev\url_launcher_android-6.3.24\
[ +125 ms] Found plugin shared_preferences at C:\Users\PC\AppData\Local\Pub\Cache\hosted\pub.dev\shared_preferences-2.5.4\
[  +21 ms] Found plugin shared_preferences_windows at C:\Users\PC\AppData\Local\Pub\Cache\hosted\pub.dev\shared_preferences_windows-2.4.1\
[  +33 ms] Found plugin path_provider_windows at C:\Users\PC\AppData\Local\Pub\Cache\hosted\pub.dev\path_provider_windows-2.3.0\
[  +42 ms] Found plugin shared_preferences_web at C:\Users\PC\AppData\Local\Pub\Cache\hosted\pub.dev\shared_preferences_web-2.4.3\
[  +19 ms] Found plugin shared_preferences_linux at C:\Users\PC\AppData\Local\Pub\Cache\hosted\pub.dev\shared_preferences_linux-2.4.1\
[   +4 ms] Found plugin path_provider_linux at C:\Users\PC\AppData\Local\Pub\Cache\hosted\pub.dev\path_provider_linux-2.2.1\
[  +37 ms] Found plugin shared_preferences_foundation at C:\Users\PC\AppData\Local\Pub\Cache\hosted\pub.dev\shared_preferences_foundation-2.5.5\
[  +26 ms] Found plugin shared_preferences_android at C:\Users\PC\AppData\Local\Pub\Cache\hosted\pub.dev\shared_preferences_android-2.4.15\
[  +29 ms] Found plugin share_plus at C:\Users\PC\AppData\Local\Pub\Cache\hosted\pub.dev\share_plus-7.2.2\
[  +72 ms] Found plugin path_provider at C:\Users\PC\AppData\Local\Pub\Cache\hosted\pub.dev\path_provider-2.1.5\
[  +21 ms] Found plugin path_provider_foundation at C:\Users\PC\AppData\Local\Pub\Cache\hosted\pub.dev\path_provider_foundation-2.4.3\
[  +22 ms] Found plugin path_provider_android at C:\Users\PC\AppData\Local\Pub\Cache\hosted\pub.dev\path_provider_android-2.2.20\
[  +48 ms] Found plugin record at C:\Users\PC\AppData\Local\Pub\Cache\hosted\pub.dev\record-5.2.1\
[  +32 ms] Found plugin record_windows at C:\Users\PC\AppData\Local\Pub\Cache\hosted\pub.dev\record_windows-1.0.7\
[  +66 ms] Found plugin record_web at C:\Users\PC\AppData\Local\Pub\Cache\hosted\pub.dev\record_web-1.1.9\
[  +29 ms] Found plugin record_linux at C:\Users\PC\StudioProjects\freegram_fresh_start\third_party\record_linux\
[  +29 ms] Found plugin record_darwin at C:\Users\PC\AppData\Local\Pub\Cache\hosted\pub.dev\record_darwin-1.2.2\
[  +34 ms] Found plugin record_android at C:\Users\PC\AppData\Local\Pub\Cache\hosted\pub.dev\record_android-1.4.4\
[  +76 ms] Found plugin photo_manager at C:\Users\PC\AppData\Local\Pub\Cache\hosted\pub.dev\photo_manager-3.7.1\
[  +19 ms] Found plugin permission_handler at C:\Users\PC\AppData\Local\Pub\Cache\hosted\pub.dev\permission_handler-11.4.0\
[  +17 ms] Found plugin permission_handler_windows at C:\Users\PC\AppData\Local\Pub\Cache\hosted\pub.dev\permission_handler_windows-0.2.1\
[  +33 ms] Found plugin permission_handler_html at C:\Users\PC\AppData\Local\Pub\Cache\hosted\pub.dev\permission_handler_html-0.1.3+5\
[   +7 ms] Found plugin permission_handler_apple at C:\Users\PC\AppData\Local\Pub\Cache\hosted\pub.dev\permission_handler_apple-9.4.7\
[  +20 ms] Found plugin permission_handler_android at C:\Users\PC\AppData\Local\Pub\Cache\hosted\pub.dev\permission_handler_android-12.1.0\
[ +107 ms] Found plugin in_app_purchase at C:\Users\PC\AppData\Local\Pub\Cache\hosted\pub.dev\in_app_purchase-3.2.3\
[  +21 ms] Found plugin in_app_purchase_storekit at C:\Users\PC\AppData\Local\Pub\Cache\hosted\pub.dev\in_app_purchase_storekit-0.4.6\
[ +106 ms] Found plugin in_app_purchase_android at C:\Users\PC\AppData\Local\Pub\Cache\hosted\pub.dev\in_app_purchase_android-0.4.0+6\
[  +99 ms] Found plugin image_picker at C:\Users\PC\AppData\Local\Pub\Cache\hosted\pub.dev\image_picker-1.2.0\
[  +26 ms] Found plugin image_picker_windows at C:\Users\PC\AppData\Local\Pub\Cache\hosted\pub.dev\image_picker_windows-0.2.2\
[  +65 ms] Found plugin file_selector_windows at C:\Users\PC\AppData\Local\Pub\Cache\hosted\pub.dev\file_selector_windows-0.9.3+4\
[  +31 ms] Found plugin image_picker_macos at C:\Users\PC\AppData\Local\Pub\Cache\hosted\pub.dev\image_picker_macos-0.2.2+1\
[   +5 ms] Found plugin file_selector_macos at C:\Users\PC\AppData\Local\Pub\Cache\hosted\pub.dev\file_selector_macos-0.9.4+5\
[  +40 ms] Found plugin image_picker_linux at C:\Users\PC\AppData\Local\Pub\Cache\hosted\pub.dev\image_picker_linux-0.2.2\
[  +27 ms] Found plugin file_selector_linux at C:\Users\PC\AppData\Local\Pub\Cache\hosted\pub.dev\file_selector_linux-0.9.3+2\
[  +59 ms] Found plugin image_picker_ios at C:\Users\PC\AppData\Local\Pub\Cache\hosted\pub.dev\image_picker_ios-0.8.13+1\
[  +24 ms] Found plugin image_picker_for_web at C:\Users\PC\AppData\Local\Pub\Cache\hosted\pub.dev\image_picker_for_web-3.1.0\
[   +4 ms] Found plugin image_picker_android at C:\Users\PC\AppData\Local\Pub\Cache\hosted\pub.dev\image_picker_android-0.8.13+5\
[   +5 ms] Found plugin flutter_plugin_android_lifecycle at C:\Users\PC\AppData\Local\Pub\Cache\hosted\pub.dev\flutter_plugin_android_lifecycle-2.0.32\
[ +143 ms] Found plugin google_sign_in at C:\Users\PC\AppData\Local\Pub\Cache\hosted\pub.dev\google_sign_in-6.3.0\
[  +29 ms] Found plugin google_sign_in_web at C:\Users\PC\AppData\Local\Pub\Cache\hosted\pub.dev\google_sign_in_web-0.12.4+4\
[ +134 ms] Found plugin google_sign_in_ios at C:\Users\PC\AppData\Local\Pub\Cache\hosted\pub.dev\google_sign_in_ios-5.9.0\
[   +5 ms] Found plugin google_sign_in_android at C:\Users\PC\AppData\Local\Pub\Cache\hosted\pub.dev\google_sign_in_android-6.2.1\
[  +46 ms] Found plugin google_mobile_ads at C:\Users\PC\AppData\Local\Pub\Cache\hosted\pub.dev\google_mobile_ads-5.3.1\
[  +63 ms] Found plugin webview_flutter_wkwebview at C:\Users\PC\AppData\Local\Pub\Cache\hosted\pub.dev\webview_flutter_wkwebview-3.23.1\
[  +79 ms] Found plugin webview_flutter_android at C:\Users\PC\AppData\Local\Pub\Cache\hosted\pub.dev\webview_flutter_android-4.10.5\
[   +6 ms] Found plugin webview_flutter at C:\Users\PC\AppData\Local\Pub\Cache\hosted\pub.dev\webview_flutter-4.13.0\
[ +100 ms] Found plugin geolocator at C:\Users\PC\AppData\Local\Pub\Cache\hosted\pub.dev\geolocator-10.1.1\
[   +6 ms] Found plugin geolocator_windows at C:\Users\PC\AppData\Local\Pub\Cache\hosted\pub.dev\geolocator_windows-0.2.5\
[  +32 ms] Found plugin geolocator_web at C:\Users\PC\AppData\Local\Pub\Cache\hosted\pub.dev\geolocator_web-2.2.1\
[   +7 ms] Found plugin geolocator_apple at C:\Users\PC\AppData\Local\Pub\Cache\hosted\pub.dev\geolocator_apple-2.3.13\
[  +22 ms] Found plugin geolocator_android at C:\Users\PC\AppData\Local\Pub\Cache\hosted\pub.dev\geolocator_android-4.6.2\
[  +33 ms] Found plugin geocoding at C:\Users\PC\AppData\Local\Pub\Cache\hosted\pub.dev\geocoding-3.0.0\
[  +32 ms] Found plugin geocoding_ios at C:\Users\PC\AppData\Local\Pub\Cache\hosted\pub.dev\geocoding_ios-3.1.0\
[  +26 ms] Found plugin geocoding_android at C:\Users\PC\AppData\Local\Pub\Cache\hosted\pub.dev\geocoding_android-3.3.1\
[  +23 ms] Found plugin flutter_windowmanager at C:\Users\PC\AppData\Local\Pub\Cache\hosted\pub.dev\flutter_windowmanager-0.2.0\
[  +18 ms] Found plugin flutter_webrtc at C:\Users\PC\AppData\Local\Pub\Cache\hosted\pub.dev\flutter_webrtc-0.12.12+hotfix.1\
[  +42 ms] Found plugin flutter_local_notifications at C:\Users\PC\AppData\Local\Pub\Cache\hosted\pub.dev\flutter_local_notifications-17.2.4\
[  +86 ms] Found plugin flutter_local_notifications_linux at C:\Users\PC\AppData\Local\Pub\Cache\hosted\pub.dev\flutter_local_notifications_linux-4.0.1\
[  +78 ms] Found plugin flutter_facebook_auth at C:\Users\PC\AppData\Local\Pub\Cache\hosted\pub.dev\flutter_facebook_auth-6.2.0\
[  +57 ms] Found plugin flutter_facebook_auth_web at C:\Users\PC\AppData\Local\Pub\Cache\hosted\pub.dev\flutter_facebook_auth_web-5.0.0\
[  +17 ms] Found plugin facebook_auth_desktop at C:\Users\PC\AppData\Local\Pub\Cache\hosted\pub.dev\facebook_auth_desktop-1.0.3\
[  +44 ms] Found plugin flutter_secure_storage at C:\Users\PC\AppData\Local\Pub\Cache\hosted\pub.dev\flutter_secure_storage-9.2.4\
[  +48 ms] Found plugin flutter_secure_storage_windows at C:\Users\PC\AppData\Local\Pub\Cache\hosted\pub.dev\flutter_secure_storage_windows-3.1.2\
[  +36 ms] Found plugin flutter_secure_storage_web at C:\Users\PC\AppData\Local\Pub\Cache\hosted\pub.dev\flutter_secure_storage_web-1.2.1\
[  +18 ms] Found plugin flutter_secure_storage_macos at C:\Users\PC\AppData\Local\Pub\Cache\hosted\pub.dev\flutter_secure_storage_macos-3.1.3\
[   +5 ms] Found plugin flutter_secure_storage_linux at C:\Users\PC\AppData\Local\Pub\Cache\hosted\pub.dev\flutter_secure_storage_linux-1.2.3\
[  +29 ms] Found plugin sqflite at C:\Users\PC\AppData\Local\Pub\Cache\hosted\pub.dev\sqflite-2.4.2\
[  +56 ms] Found plugin sqflite_darwin at C:\Users\PC\AppData\Local\Pub\Cache\hosted\pub.dev\sqflite_darwin-2.4.2\
[  +29 ms] Found plugin sqflite_android at C:\Users\PC\AppData\Local\Pub\Cache\hosted\pub.dev\sqflite_android-2.4.2+2\
[  +27 ms] Found plugin flutter_blue_plus at C:\Users\PC\AppData\Local\Pub\Cache\hosted\pub.dev\flutter_blue_plus-1.36.8\
[  +15 ms] Found plugin flutter_blue_plus_web at C:\Users\PC\AppData\Local\Pub\Cache\hosted\pub.dev\flutter_blue_plus_web-7.0.2\
[  +35 ms] Found plugin flutter_blue_plus_linux at C:\Users\PC\AppData\Local\Pub\Cache\hosted\pub.dev\flutter_blue_plus_linux-7.0.3\
[  +20 ms] Found plugin flutter_blue_plus_darwin at C:\Users\PC\AppData\Local\Pub\Cache\hosted\pub.dev\flutter_blue_plus_darwin-7.0.3\
[  +17 ms] Found plugin flutter_blue_plus_android at C:\Users\PC\AppData\Local\Pub\Cache\hosted\pub.dev\flutter_blue_plus_android-7.0.4\
[  +45 ms] Found plugin flutter_ble_peripheral at C:\Users\PC\AppData\Local\Pub\Cache\hosted\pub.dev\flutter_ble_peripheral-1.2.6\
[  +36 ms] Found plugin flutter_background_service at C:\Users\PC\AppData\Local\Pub\Cache\hosted\pub.dev\flutter_background_service-5.1.0\
[  +50 ms] Found plugin flutter_background_service_ios at C:\Users\PC\AppData\Local\Pub\Cache\hosted\pub.dev\flutter_background_service_ios-5.0.3\
[   +5 ms] Found plugin flutter_background_service_android at C:\Users\PC\AppData\Local\Pub\Cache\hosted\pub.dev\flutter_background_service_android-6.3.1\
[  +64 ms] Found plugin firebase_storage at C:\Users\PC\AppData\Local\Pub\Cache\hosted\pub.dev\firebase_storage-12.4.10\
[  +27 ms] Found plugin firebase_storage_web at C:\Users\PC\AppData\Local\Pub\Cache\hosted\pub.dev\firebase_storage_web-3.10.17\
[  +39 ms] Found plugin firebase_messaging at C:\Users\PC\AppData\Local\Pub\Cache\hosted\pub.dev\firebase_messaging-15.2.10\
[  +29 ms] Found plugin firebase_messaging_web at C:\Users\PC\AppData\Local\Pub\Cache\hosted\pub.dev\firebase_messaging_web-3.10.10\
[  +51 ms] Found plugin firebase_database at C:\Users\PC\AppData\Local\Pub\Cache\hosted\pub.dev\firebase_database-11.3.10\
[  +22 ms] Found plugin firebase_database_web at C:\Users\PC\AppData\Local\Pub\Cache\hosted\pub.dev\firebase_database_web-0.2.6+16\
[  +42 ms] Found plugin firebase_auth at C:\Users\PC\AppData\Local\Pub\Cache\hosted\pub.dev\firebase_auth-5.7.0\
[  +24 ms] Found plugin firebase_auth_web at C:\Users\PC\AppData\Local\Pub\Cache\hosted\pub.dev\firebase_auth_web-5.15.3\
[  +32 ms] Found plugin firebase_analytics at C:\Users\PC\AppData\Local\Pub\Cache\hosted\pub.dev\firebase_analytics-11.6.0\
[  +23 ms] Found plugin firebase_analytics_web at C:\Users\PC\AppData\Local\Pub\Cache\hosted\pub.dev\firebase_analytics_web-0.5.10+16\
[  +22 ms] Found plugin file_picker at C:\Users\PC\AppData\Local\Pub\Cache\hosted\pub.dev\file_picker-8.3.7\
[  +65 ms] Found plugin connectivity_plus at C:\Users\PC\AppData\Local\Pub\Cache\hosted\pub.dev\connectivity_plus-5.0.2\
[  +50 ms] Found plugin cloud_functions at C:\Users\PC\AppData\Local\Pub\Cache\hosted\pub.dev\cloud_functions-5.6.2\
[  +28 ms] Found plugin cloud_functions_web at C:\Users\PC\AppData\Local\Pub\Cache\hosted\pub.dev\cloud_functions_web-4.11.5\
[  +36 ms] Found plugin camera at C:\Users\PC\AppData\Local\Pub\Cache\hosted\pub.dev\camera-0.10.6\
[   +7 ms] Found plugin camera_web at C:\Users\PC\AppData\Local\Pub\Cache\hosted\pub.dev\camera_web-0.3.5\
[  +59 ms] Found plugin camera_avfoundation at C:\Users\PC\AppData\Local\Pub\Cache\hosted\pub.dev\camera_avfoundation-0.9.22+4\
[   +5 ms] Found plugin camera_android at C:\Users\PC\AppData\Local\Pub\Cache\hosted\pub.dev\camera_android-0.10.10+11\
[ +379 ms] Found plugin audioplayers at C:\Users\PC\AppData\Local\Pub\Cache\hosted\pub.dev\audioplayers-5.2.1\
[  +24 ms] Found plugin audioplayers_windows at C:\Users\PC\AppData\Local\Pub\Cache\hosted\pub.dev\audioplayers_windows-3.1.0\
[  +41 ms] Found plugin audioplayers_web at C:\Users\PC\AppData\Local\Pub\Cache\hosted\pub.dev\audioplayers_web-4.1.0\
[   +5 ms] Found plugin audioplayers_linux at C:\Users\PC\AppData\Local\Pub\Cache\hosted\pub.dev\audioplayers_linux-3.1.0\
[  +33 ms] Found plugin audioplayers_darwin at C:\Users\PC\AppData\Local\Pub\Cache\hosted\pub.dev\audioplayers_darwin-5.0.2\
[  +31 ms] Found plugin audioplayers_android at C:\Users\PC\AppData\Local\Pub\Cache\hosted\pub.dev\audioplayers_android-4.0.3\
[   +6 ms] Found plugin app_settings at C:\Users\PC\AppData\Local\Pub\Cache\hosted\pub.dev\app_settings-5.2.0\
[ +438 ms] Found plugin firebase_core at C:\Users\PC\AppData\Local\Pub\Cache\hosted\pub.dev\firebase_core-3.15.2\
[  +10 ms] Found plugin firebase_core_web at C:\Users\PC\AppData\Local\Pub\Cache\hosted\pub.dev\firebase_core_web-2.24.1\
[  +15 ms] Found plugin cloud_firestore at C:\Users\PC\AppData\Local\Pub\Cache\hosted\pub.dev\cloud_firestore-5.6.12\
[   +3 ms] Found plugin cloud_firestore_web at C:\Users\PC\AppData\Local\Pub\Cache\hosted\pub.dev\cloud_firestore_web-4.4.12\
[   +9 ms] Found plugin video_thumbnail at C:\Users\PC\AppData\Local\Pub\Cache\hosted\pub.dev\video_thumbnail-0.5.6\
[   +3 ms] Found plugin video_player at C:\Users\PC\AppData\Local\Pub\Cache\hosted\pub.dev\video_player-2.10.1\
[   +3 ms] Found plugin video_player_web at C:\Users\PC\AppData\Local\Pub\Cache\hosted\pub.dev\video_player_web-2.4.0\
[   +6 ms] Found plugin video_player_avfoundation at C:\Users\PC\AppData\Local\Pub\Cache\hosted\pub.dev\video_player_avfoundation-2.8.5\
[   +3 ms] Found plugin video_player_android at C:\Users\PC\AppData\Local\Pub\Cache\hosted\pub.dev\video_player_android-2.8.17\
[  +15 ms] Found plugin video_compress at C:\Users\PC\AppData\Local\Pub\Cache\hosted\pub.dev\video_compress-3.1.4\
[   +2 ms] Found plugin vibration at C:\Users\PC\AppData\Local\Pub\Cache\hosted\pub.dev\vibration-3.1.4\
[  +10 ms] Found plugin device_info_plus at C:\Users\PC\AppData\Local\Pub\Cache\hosted\pub.dev\device_info_plus-9.1.2\
[  +12 ms] Found plugin url_launcher at C:\Users\PC\AppData\Local\Pub\Cache\hosted\pub.dev\url_launcher-6.3.2\
[   +4 ms] Found plugin url_launcher_windows at C:\Users\PC\AppData\Local\Pub\Cache\hosted\pub.dev\url_launcher_windows-3.1.4\
[   +3 ms] Found plugin url_launcher_web at C:\Users\PC\AppData\Local\Pub\Cache\hosted\pub.dev\url_launcher_web-2.4.1\
[   +2 ms] Found plugin url_launcher_macos at C:\Users\PC\AppData\Local\Pub\Cache\hosted\pub.dev\url_launcher_macos-3.2.4\
[   +2 ms] Found plugin url_launcher_linux at C:\Users\PC\AppData\Local\Pub\Cache\hosted\pub.dev\url_launcher_linux-3.2.1\
[   +2 ms] Found plugin url_launcher_ios at C:\Users\PC\AppData\Local\Pub\Cache\hosted\pub.dev\url_launcher_ios-6.3.5\
[   +5 ms] Found plugin url_launcher_android at C:\Users\PC\AppData\Local\Pub\Cache\hosted\pub.dev\url_launcher_android-6.3.24\
[  +13 ms] Found plugin shared_preferences at C:\Users\PC\AppData\Local\Pub\Cache\hosted\pub.dev\shared_preferences-2.5.4\
[   +3 ms] Found plugin shared_preferences_windows at C:\Users\PC\AppData\Local\Pub\Cache\hosted\pub.dev\shared_preferences_windows-2.4.1\
[   +3 ms] Found plugin path_provider_windows at C:\Users\PC\AppData\Local\Pub\Cache\hosted\pub.dev\path_provider_windows-2.3.0\
[   +4 ms] Found plugin shared_preferences_web at C:\Users\PC\AppData\Local\Pub\Cache\hosted\pub.dev\shared_preferences_web-2.4.3\
[   +1 ms] Found plugin shared_preferences_linux at C:\Users\PC\AppData\Local\Pub\Cache\hosted\pub.dev\shared_preferences_linux-2.4.1\
[   +1 ms] Found plugin path_provider_linux at C:\Users\PC\AppData\Local\Pub\Cache\hosted\pub.dev\path_provider_linux-2.2.1\
[   +5 ms] Found plugin shared_preferences_foundation at C:\Users\PC\AppData\Local\Pub\Cache\hosted\pub.dev\shared_preferences_foundation-2.5.5\
[   +2 ms] Found plugin shared_preferences_android at C:\Users\PC\AppData\Local\Pub\Cache\hosted\pub.dev\shared_preferences_android-2.4.15\
[   +6 ms] Found plugin share_plus at C:\Users\PC\AppData\Local\Pub\Cache\hosted\pub.dev\share_plus-7.2.2\
[   +7 ms] Found plugin path_provider at C:\Users\PC\AppData\Local\Pub\Cache\hosted\pub.dev\path_provider-2.1.5\
[   +2 ms] Found plugin path_provider_foundation at C:\Users\PC\AppData\Local\Pub\Cache\hosted\pub.dev\path_provider_foundation-2.4.3\
[   +3 ms] Found plugin path_provider_android at C:\Users\PC\AppData\Local\Pub\Cache\hosted\pub.dev\path_provider_android-2.2.20\
[   +6 ms] Found plugin record at C:\Users\PC\AppData\Local\Pub\Cache\hosted\pub.dev\record-5.2.1\
[   +3 ms] Found plugin record_windows at C:\Users\PC\AppData\Local\Pub\Cache\hosted\pub.dev\record_windows-1.0.7\
[   +3 ms] Found plugin record_web at C:\Users\PC\AppData\Local\Pub\Cache\hosted\pub.dev\record_web-1.1.9\
[   +1 ms] Found plugin record_linux at C:\Users\PC\StudioProjects\freegram_fresh_start\third_party\record_linux\
[   +2 ms] Found plugin record_darwin at C:\Users\PC\AppData\Local\Pub\Cache\hosted\pub.dev\record_darwin-1.2.2\
[   +2 ms] Found plugin record_android at C:\Users\PC\AppData\Local\Pub\Cache\hosted\pub.dev\record_android-1.4.4\
[  +11 ms] Found plugin photo_manager at C:\Users\PC\AppData\Local\Pub\Cache\hosted\pub.dev\photo_manager-3.7.1\
[   +2 ms] Found plugin permission_handler at C:\Users\PC\AppData\Local\Pub\Cache\hosted\pub.dev\permission_handler-11.4.0\
[   +1 ms] Found plugin permission_handler_windows at C:\Users\PC\AppData\Local\Pub\Cache\hosted\pub.dev\permission_handler_windows-0.2.1\
[   +6 ms] Found plugin permission_handler_html at C:\Users\PC\AppData\Local\Pub\Cache\hosted\pub.dev\permission_handler_html-0.1.3+5\
[   +1 ms] Found plugin permission_handler_apple at C:\Users\PC\AppData\Local\Pub\Cache\hosted\pub.dev\permission_handler_apple-9.4.7\
[   +1 ms] Found plugin permission_handler_android at C:\Users\PC\AppData\Local\Pub\Cache\hosted\pub.dev\permission_handler_android-12.1.0\
[   +6 ms] Found plugin in_app_purchase at C:\Users\PC\AppData\Local\Pub\Cache\hosted\pub.dev\in_app_purchase-3.2.3\
[   +2 ms] Found plugin in_app_purchase_storekit at C:\Users\PC\AppData\Local\Pub\Cache\hosted\pub.dev\in_app_purchase_storekit-0.4.6\
[  +12 ms] Found plugin in_app_purchase_android at C:\Users\PC\AppData\Local\Pub\Cache\hosted\pub.dev\in_app_purchase_android-0.4.0+6\
[   +2 ms] Found plugin image_picker at C:\Users\PC\AppData\Local\Pub\Cache\hosted\pub.dev\image_picker-1.2.0\
[   +2 ms] Found plugin image_picker_windows at C:\Users\PC\AppData\Local\Pub\Cache\hosted\pub.dev\image_picker_windows-0.2.2\
[  +12 ms] Found plugin file_selector_windows at C:\Users\PC\AppData\Local\Pub\Cache\hosted\pub.dev\file_selector_windows-0.9.3+4\
[   +9 ms] Found plugin image_picker_macos at C:\Users\PC\AppData\Local\Pub\Cache\hosted\pub.dev\image_picker_macos-0.2.2+1\
[   +3 ms] Found plugin file_selector_macos at C:\Users\PC\AppData\Local\Pub\Cache\hosted\pub.dev\file_selector_macos-0.9.4+5\
[   +2 ms] Found plugin image_picker_linux at C:\Users\PC\AppData\Local\Pub\Cache\hosted\pub.dev\image_picker_linux-0.2.2\
[   +3 ms] Found plugin file_selector_linux at C:\Users\PC\AppData\Local\Pub\Cache\hosted\pub.dev\file_selector_linux-0.9.3+2\
[   +3 ms] Found plugin image_picker_ios at C:\Users\PC\AppData\Local\Pub\Cache\hosted\pub.dev\image_picker_ios-0.8.13+1\
[   +2 ms] Found plugin image_picker_for_web at C:\Users\PC\AppData\Local\Pub\Cache\hosted\pub.dev\image_picker_for_web-3.1.0\
[   +3 ms] Found plugin image_picker_android at C:\Users\PC\AppData\Local\Pub\Cache\hosted\pub.dev\image_picker_android-0.8.13+5\
[   +5 ms] Found plugin flutter_plugin_android_lifecycle at C:\Users\PC\AppData\Local\Pub\Cache\hosted\pub.dev\flutter_plugin_android_lifecycle-2.0.32\
[  +12 ms] Found plugin google_sign_in at C:\Users\PC\AppData\Local\Pub\Cache\hosted\pub.dev\google_sign_in-6.3.0\
[   +1 ms] Found plugin google_sign_in_web at C:\Users\PC\AppData\Local\Pub\Cache\hosted\pub.dev\google_sign_in_web-0.12.4+4\
[   +4 ms] Found plugin google_sign_in_ios at C:\Users\PC\AppData\Local\Pub\Cache\hosted\pub.dev\google_sign_in_ios-5.9.0\
[   +1 ms] Found plugin google_sign_in_android at C:\Users\PC\AppData\Local\Pub\Cache\hosted\pub.dev\google_sign_in_android-6.2.1\
[   +3 ms] Found plugin google_mobile_ads at C:\Users\PC\AppData\Local\Pub\Cache\hosted\pub.dev\google_mobile_ads-5.3.1\
[   +2 ms] Found plugin webview_flutter_wkwebview at C:\Users\PC\AppData\Local\Pub\Cache\hosted\pub.dev\webview_flutter_wkwebview-3.23.1\
[   +3 ms] Found plugin webview_flutter_android at C:\Users\PC\AppData\Local\Pub\Cache\hosted\pub.dev\webview_flutter_android-4.10.5\
[   +1 ms] Found plugin webview_flutter at C:\Users\PC\AppData\Local\Pub\Cache\hosted\pub.dev\webview_flutter-4.13.0\
[   +5 ms] Found plugin geolocator at C:\Users\PC\AppData\Local\Pub\Cache\hosted\pub.dev\geolocator-10.1.1\
[   +1 ms] Found plugin geolocator_windows at C:\Users\PC\AppData\Local\Pub\Cache\hosted\pub.dev\geolocator_windows-0.2.5\
[   +6 ms] Found plugin geolocator_web at C:\Users\PC\AppData\Local\Pub\Cache\hosted\pub.dev\geolocator_web-2.2.1\
[   +1 ms] Found plugin geolocator_apple at C:\Users\PC\AppData\Local\Pub\Cache\hosted\pub.dev\geolocator_apple-2.3.13\
[   +1 ms] Found plugin geolocator_android at C:\Users\PC\AppData\Local\Pub\Cache\hosted\pub.dev\geolocator_android-4.6.2\
[   +2 ms] Found plugin geocoding at C:\Users\PC\AppData\Local\Pub\Cache\hosted\pub.dev\geocoding-3.0.0\
[   +4 ms] Found plugin geocoding_ios at C:\Users\PC\AppData\Local\Pub\Cache\hosted\pub.dev\geocoding_ios-3.1.0\
[   +5 ms] Found plugin geocoding_android at C:\Users\PC\AppData\Local\Pub\Cache\hosted\pub.dev\geocoding_android-3.3.1\
[   +2 ms] Found plugin flutter_windowmanager at C:\Users\PC\AppData\Local\Pub\Cache\hosted\pub.dev\flutter_windowmanager-0.2.0\
[   +1 ms] Found plugin flutter_webrtc at C:\Users\PC\AppData\Local\Pub\Cache\hosted\pub.dev\flutter_webrtc-0.12.12+hotfix.1\
[   +6 ms] Found plugin flutter_local_notifications at C:\Users\PC\AppData\Local\Pub\Cache\hosted\pub.dev\flutter_local_notifications-17.2.4\
[   +7 ms] Found plugin flutter_local_notifications_linux at C:\Users\PC\AppData\Local\Pub\Cache\hosted\pub.dev\flutter_local_notifications_linux-4.0.1\
[   +4 ms] Found plugin flutter_facebook_auth at C:\Users\PC\AppData\Local\Pub\Cache\hosted\pub.dev\flutter_facebook_auth-6.2.0\
[   +2 ms] Found plugin flutter_facebook_auth_web at C:\Users\PC\AppData\Local\Pub\Cache\hosted\pub.dev\flutter_facebook_auth_web-5.0.0\
[   +2 ms] Found plugin facebook_auth_desktop at C:\Users\PC\AppData\Local\Pub\Cache\hosted\pub.dev\facebook_auth_desktop-1.0.3\
[   +5 ms] Found plugin flutter_secure_storage at C:\Users\PC\AppData\Local\Pub\Cache\hosted\pub.dev\flutter_secure_storage-9.2.4\
[   +1 ms] Found plugin flutter_secure_storage_windows at C:\Users\PC\AppData\Local\Pub\Cache\hosted\pub.dev\flutter_secure_storage_windows-3.1.2\
[   +2 ms] Found plugin flutter_secure_storage_web at C:\Users\PC\AppData\Local\Pub\Cache\hosted\pub.dev\flutter_secure_storage_web-1.2.1\
[   +1 ms] Found plugin flutter_secure_storage_macos at C:\Users\PC\AppData\Local\Pub\Cache\hosted\pub.dev\flutter_secure_storage_macos-3.1.3\
[   +1 ms] Found plugin flutter_secure_storage_linux at C:\Users\PC\AppData\Local\Pub\Cache\hosted\pub.dev\flutter_secure_storage_linux-1.2.3\
[   +4 ms] Found plugin sqflite at C:\Users\PC\AppData\Local\Pub\Cache\hosted\pub.dev\sqflite-2.4.2\
[   +5 ms] Found plugin sqflite_darwin at C:\Users\PC\AppData\Local\Pub\Cache\hosted\pub.dev\sqflite_darwin-2.4.2\
[   +1 ms] Found plugin sqflite_android at C:\Users\PC\AppData\Local\Pub\Cache\hosted\pub.dev\sqflite_android-2.4.2+2\
[   +1 ms] Found plugin flutter_blue_plus at C:\Users\PC\AppData\Local\Pub\Cache\hosted\pub.dev\flutter_blue_plus-1.36.8\
[   +1 ms] Found plugin flutter_blue_plus_web at C:\Users\PC\AppData\Local\Pub\Cache\hosted\pub.dev\flutter_blue_plus_web-7.0.2\
[   +2 ms] Found plugin flutter_blue_plus_linux at C:\Users\PC\AppData\Local\Pub\Cache\hosted\pub.dev\flutter_blue_plus_linux-7.0.3\
[   +2 ms] Found plugin flutter_blue_plus_darwin at C:\Users\PC\AppData\Local\Pub\Cache\hosted\pub.dev\flutter_blue_plus_darwin-7.0.3\
[   +3 ms] Found plugin flutter_blue_plus_android at C:\Users\PC\AppData\Local\Pub\Cache\hosted\pub.dev\flutter_blue_plus_android-7.0.4\
[   +3 ms] Found plugin flutter_ble_peripheral at C:\Users\PC\AppData\Local\Pub\Cache\hosted\pub.dev\flutter_ble_peripheral-1.2.6\
[   +1 ms] Found plugin flutter_background_service at C:\Users\PC\AppData\Local\Pub\Cache\hosted\pub.dev\flutter_background_service-5.1.0\
[   +2 ms] Found plugin flutter_background_service_ios at C:\Users\PC\AppData\Local\Pub\Cache\hosted\pub.dev\flutter_background_service_ios-5.0.3\
[   +1 ms] Found plugin flutter_background_service_android at C:\Users\PC\AppData\Local\Pub\Cache\hosted\pub.dev\flutter_background_service_android-6.3.1\
[   +2 ms] Found plugin firebase_storage at C:\Users\PC\AppData\Local\Pub\Cache\hosted\pub.dev\firebase_storage-12.4.10\
[   +1 ms] Found plugin firebase_storage_web at C:\Users\PC\AppData\Local\Pub\Cache\hosted\pub.dev\firebase_storage_web-3.10.17\
[   +4 ms] Found plugin firebase_messaging at C:\Users\PC\AppData\Local\Pub\Cache\hosted\pub.dev\firebase_messaging-15.2.10\
[   +2 ms] Found plugin firebase_messaging_web at C:\Users\PC\AppData\Local\Pub\Cache\hosted\pub.dev\firebase_messaging_web-3.10.10\
[   +3 ms] Found plugin firebase_database at C:\Users\PC\AppData\Local\Pub\Cache\hosted\pub.dev\firebase_database-11.3.10\
[   +1 ms] Found plugin firebase_database_web at C:\Users\PC\AppData\Local\Pub\Cache\hosted\pub.dev\firebase_database_web-0.2.6+16\
[   +3 ms] Found plugin firebase_auth at C:\Users\PC\AppData\Local\Pub\Cache\hosted\pub.dev\firebase_auth-5.7.0\
[   +4 ms] Found plugin firebase_auth_web at C:\Users\PC\AppData\Local\Pub\Cache\hosted\pub.dev\firebase_auth_web-5.15.3\
[   +3 ms] Found plugin firebase_analytics at C:\Users\PC\AppData\Local\Pub\Cache\hosted\pub.dev\firebase_analytics-11.6.0\
[   +2 ms] Found plugin firebase_analytics_web at C:\Users\PC\AppData\Local\Pub\Cache\hosted\pub.dev\firebase_analytics_web-0.5.10+16\
[   +4 ms] Found plugin file_picker at C:\Users\PC\AppData\Local\Pub\Cache\hosted\pub.dev\file_picker-8.3.7\
[   +7 ms] Found plugin connectivity_plus at C:\Users\PC\AppData\Local\Pub\Cache\hosted\pub.dev\connectivity_plus-5.0.2\
[   +5 ms] Found plugin cloud_functions at C:\Users\PC\AppData\Local\Pub\Cache\hosted\pub.dev\cloud_functions-5.6.2\
[   +2 ms] Found plugin cloud_functions_web at C:\Users\PC\AppData\Local\Pub\Cache\hosted\pub.dev\cloud_functions_web-4.11.5\
[   +3 ms] Found plugin camera at C:\Users\PC\AppData\Local\Pub\Cache\hosted\pub.dev\camera-0.10.6\
[   +3 ms] Found plugin camera_web at C:\Users\PC\AppData\Local\Pub\Cache\hosted\pub.dev\camera_web-0.3.5\
[   +5 ms] Found plugin camera_avfoundation at C:\Users\PC\AppData\Local\Pub\Cache\hosted\pub.dev\camera_avfoundation-0.9.22+4\
[   +1 ms] Found plugin camera_android at C:\Users\PC\AppData\Local\Pub\Cache\hosted\pub.dev\camera_android-0.10.10+11\
[  +35 ms] Found plugin audioplayers at C:\Users\PC\AppData\Local\Pub\Cache\hosted\pub.dev\audioplayers-5.2.1\
[   +1 ms] Found plugin audioplayers_windows at C:\Users\PC\AppData\Local\Pub\Cache\hosted\pub.dev\audioplayers_windows-3.1.0\
[   +4 ms] Found plugin audioplayers_web at C:\Users\PC\AppData\Local\Pub\Cache\hosted\pub.dev\audioplayers_web-4.1.0\
[   +1 ms] Found plugin audioplayers_linux at C:\Users\PC\AppData\Local\Pub\Cache\hosted\pub.dev\audioplayers_linux-3.1.0\
[   +2 ms] Found plugin audioplayers_darwin at C:\Users\PC\AppData\Local\Pub\Cache\hosted\pub.dev\audioplayers_darwin-5.0.2\
[   +2 ms] Found plugin audioplayers_android at C:\Users\PC\AppData\Local\Pub\Cache\hosted\pub.dev\audioplayers_android-4.0.3\
[   +3 ms] Found plugin app_settings at C:\Users\PC\AppData\Local\Pub\Cache\hosted\pub.dev\app_settings-5.2.0\
[  +58 ms] Skipping generating web_plugin_registrant.dart because it is up-to-date.
[ +150 ms] Found plugin firebase_core at C:\Users\PC\AppData\Local\Pub\Cache\hosted\pub.dev\firebase_core-3.15.2\
[   +4 ms] Found plugin firebase_core_web at C:\Users\PC\AppData\Local\Pub\Cache\hosted\pub.dev\firebase_core_web-2.24.1\
[   +6 ms] Found plugin cloud_firestore at C:\Users\PC\AppData\Local\Pub\Cache\hosted\pub.dev\cloud_firestore-5.6.12\
[   +3 ms] Found plugin cloud_firestore_web at C:\Users\PC\AppData\Local\Pub\Cache\hosted\pub.dev\cloud_firestore_web-4.4.12\
[   +3 ms] Found plugin video_thumbnail at C:\Users\PC\AppData\Local\Pub\Cache\hosted\pub.dev\video_thumbnail-0.5.6\
[   +1 ms] Found plugin video_player at C:\Users\PC\AppData\Local\Pub\Cache\hosted\pub.dev\video_player-2.10.1\
[   +2 ms] Found plugin video_player_web at C:\Users\PC\AppData\Local\Pub\Cache\hosted\pub.dev\video_player_web-2.4.0\
[   +3 ms] Found plugin video_player_avfoundation at C:\Users\PC\AppData\Local\Pub\Cache\hosted\pub.dev\video_player_avfoundation-2.8.5\
[   +1 ms] Found plugin video_player_android at C:\Users\PC\AppData\Local\Pub\Cache\hosted\pub.dev\video_player_android-2.8.17\
[   +7 ms] Found plugin video_compress at C:\Users\PC\AppData\Local\Pub\Cache\hosted\pub.dev\video_compress-3.1.4\
[   +1 ms] Found plugin vibration at C:\Users\PC\AppData\Local\Pub\Cache\hosted\pub.dev\vibration-3.1.4\
[   +2 ms] Found plugin device_info_plus at C:\Users\PC\AppData\Local\Pub\Cache\hosted\pub.dev\device_info_plus-9.1.2\
[   +6 ms] Found plugin url_launcher at C:\Users\PC\AppData\Local\Pub\Cache\hosted\pub.dev\url_launcher-6.3.2\
[   +2 ms] Found plugin url_launcher_windows at C:\Users\PC\AppData\Local\Pub\Cache\hosted\pub.dev\url_launcher_windows-3.1.4\
[   +2 ms] Found plugin url_launcher_web at C:\Users\PC\AppData\Local\Pub\Cache\hosted\pub.dev\url_launcher_web-2.4.1\
[   +1 ms] Found plugin url_launcher_macos at C:\Users\PC\AppData\Local\Pub\Cache\hosted\pub.dev\url_launcher_macos-3.2.4\
[   +1 ms] Found plugin url_launcher_linux at C:\Users\PC\AppData\Local\Pub\Cache\hosted\pub.dev\url_launcher_linux-3.2.1\
[   +1 ms] Found plugin url_launcher_ios at C:\Users\PC\AppData\Local\Pub\Cache\hosted\pub.dev\url_launcher_ios-6.3.5\
[   +1 ms] Found plugin url_launcher_android at C:\Users\PC\AppData\Local\Pub\Cache\hosted\pub.dev\url_launcher_android-6.3.24\
[  +14 ms] Found plugin shared_preferences at C:\Users\PC\AppData\Local\Pub\Cache\hosted\pub.dev\shared_preferences-2.5.4\
[   +1 ms] Found plugin shared_preferences_windows at C:\Users\PC\AppData\Local\Pub\Cache\hosted\pub.dev\shared_preferences_windows-2.4.1\
[   +2 ms] Found plugin path_provider_windows at C:\Users\PC\AppData\Local\Pub\Cache\hosted\pub.dev\path_provider_windows-2.3.0\
[   +7 ms] Found plugin shared_preferences_web at C:\Users\PC\AppData\Local\Pub\Cache\hosted\pub.dev\shared_preferences_web-2.4.3\
[   +1 ms] Found plugin shared_preferences_linux at C:\Users\PC\AppData\Local\Pub\Cache\hosted\pub.dev\shared_preferences_linux-2.4.1\
[   +4 ms] Found plugin path_provider_linux at C:\Users\PC\AppData\Local\Pub\Cache\hosted\pub.dev\path_provider_linux-2.2.1\
[   +3 ms] Found plugin shared_preferences_foundation at C:\Users\PC\AppData\Local\Pub\Cache\hosted\pub.dev\shared_preferences_foundation-2.5.5\
[   +1 ms] Found plugin shared_preferences_android at C:\Users\PC\AppData\Local\Pub\Cache\hosted\pub.dev\shared_preferences_android-2.4.15\
[   +1 ms] Found plugin share_plus at C:\Users\PC\AppData\Local\Pub\Cache\hosted\pub.dev\share_plus-7.2.2\
[   +5 ms] Found plugin path_provider at C:\Users\PC\AppData\Local\Pub\Cache\hosted\pub.dev\path_provider-2.1.5\
[   +2 ms] Found plugin path_provider_foundation at C:\Users\PC\AppData\Local\Pub\Cache\hosted\pub.dev\path_provider_foundation-2.4.3\
[   +1 ms] Found plugin path_provider_android at C:\Users\PC\AppData\Local\Pub\Cache\hosted\pub.dev\path_provider_android-2.2.20\
[   +3 ms] Found plugin record at C:\Users\PC\AppData\Local\Pub\Cache\hosted\pub.dev\record-5.2.1\
[   +1 ms] Found plugin record_windows at C:\Users\PC\AppData\Local\Pub\Cache\hosted\pub.dev\record_windows-1.0.7\
[   +2 ms] Found plugin record_web at C:\Users\PC\AppData\Local\Pub\Cache\hosted\pub.dev\record_web-1.1.9\
[   +2 ms] Found plugin record_linux at C:\Users\PC\StudioProjects\freegram_fresh_start\third_party\record_linux\
[   +1 ms] Found plugin record_darwin at C:\Users\PC\AppData\Local\Pub\Cache\hosted\pub.dev\record_darwin-1.2.2\
[   +2 ms] Found plugin record_android at C:\Users\PC\AppData\Local\Pub\Cache\hosted\pub.dev\record_android-1.4.4\
[   +9 ms] Found plugin photo_manager at C:\Users\PC\AppData\Local\Pub\Cache\hosted\pub.dev\photo_manager-3.7.1\
[   +5 ms] Found plugin permission_handler at C:\Users\PC\AppData\Local\Pub\Cache\hosted\pub.dev\permission_handler-11.4.0\
[   +1 ms] Found plugin permission_handler_windows at C:\Users\PC\AppData\Local\Pub\Cache\hosted\pub.dev\permission_handler_windows-0.2.1\
[   +2 ms] Found plugin permission_handler_html at C:\Users\PC\AppData\Local\Pub\Cache\hosted\pub.dev\permission_handler_html-0.1.3+5\
[   +1 ms] Found plugin permission_handler_apple at C:\Users\PC\AppData\Local\Pub\Cache\hosted\pub.dev\permission_handler_apple-9.4.7\
[   +1 ms] Found plugin permission_handler_android at C:\Users\PC\AppData\Local\Pub\Cache\hosted\pub.dev\permission_handler_android-12.1.0\
[   +6 ms] Found plugin in_app_purchase at C:\Users\PC\AppData\Local\Pub\Cache\hosted\pub.dev\in_app_purchase-3.2.3\
[   +2 ms] Found plugin in_app_purchase_storekit at C:\Users\PC\AppData\Local\Pub\Cache\hosted\pub.dev\in_app_purchase_storekit-0.4.6\
[   +3 ms] Found plugin in_app_purchase_android at C:\Users\PC\AppData\Local\Pub\Cache\hosted\pub.dev\in_app_purchase_android-0.4.0+6\
[   +1 ms] Found plugin image_picker at C:\Users\PC\AppData\Local\Pub\Cache\hosted\pub.dev\image_picker-1.2.0\
[   +2 ms] Found plugin image_picker_windows at C:\Users\PC\AppData\Local\Pub\Cache\hosted\pub.dev\image_picker_windows-0.2.2\
[   +2 ms] Found plugin file_selector_windows at C:\Users\PC\AppData\Local\Pub\Cache\hosted\pub.dev\file_selector_windows-0.9.3+4\
[   +2 ms] Found plugin image_picker_macos at C:\Users\PC\AppData\Local\Pub\Cache\hosted\pub.dev\image_picker_macos-0.2.2+1\
[   +2 ms] Found plugin file_selector_macos at C:\Users\PC\AppData\Local\Pub\Cache\hosted\pub.dev\file_selector_macos-0.9.4+5\
[   +1 ms] Found plugin image_picker_linux at C:\Users\PC\AppData\Local\Pub\Cache\hosted\pub.dev\image_picker_linux-0.2.2\
[   +1 ms] Found plugin file_selector_linux at C:\Users\PC\AppData\Local\Pub\Cache\hosted\pub.dev\file_selector_linux-0.9.3+2\
[   +1 ms] Found plugin image_picker_ios at C:\Users\PC\AppData\Local\Pub\Cache\hosted\pub.dev\image_picker_ios-0.8.13+1\
[   +1 ms] Found plugin image_picker_for_web at C:\Users\PC\AppData\Local\Pub\Cache\hosted\pub.dev\image_picker_for_web-3.1.0\
[   +2 ms] Found plugin image_picker_android at C:\Users\PC\AppData\Local\Pub\Cache\hosted\pub.dev\image_picker_android-0.8.13+5\
[   +2 ms] Found plugin flutter_plugin_android_lifecycle at C:\Users\PC\AppData\Local\Pub\Cache\hosted\pub.dev\flutter_plugin_android_lifecycle-2.0.32\
[   +9 ms] Found plugin google_sign_in at C:\Users\PC\AppData\Local\Pub\Cache\hosted\pub.dev\google_sign_in-6.3.0\
[   +1 ms] Found plugin google_sign_in_web at C:\Users\PC\AppData\Local\Pub\Cache\hosted\pub.dev\google_sign_in_web-0.12.4+4\
[   +3 ms] Found plugin google_sign_in_ios at C:\Users\PC\AppData\Local\Pub\Cache\hosted\pub.dev\google_sign_in_ios-5.9.0\
[   +2 ms] Found plugin google_sign_in_android at C:\Users\PC\AppData\Local\Pub\Cache\hosted\pub.dev\google_sign_in_android-6.2.1\
[   +2 ms] Found plugin google_mobile_ads at C:\Users\PC\AppData\Local\Pub\Cache\hosted\pub.dev\google_mobile_ads-5.3.1\
[   +3 ms] Found plugin webview_flutter_wkwebview at C:\Users\PC\AppData\Local\Pub\Cache\hosted\pub.dev\webview_flutter_wkwebview-3.23.1\
[   +3 ms] Found plugin webview_flutter_android at C:\Users\PC\AppData\Local\Pub\Cache\hosted\pub.dev\webview_flutter_android-4.10.5\
[   +1 ms] Found plugin webview_flutter at C:\Users\PC\AppData\Local\Pub\Cache\hosted\pub.dev\webview_flutter-4.13.0\
[   +5 ms] Found plugin geolocator at C:\Users\PC\AppData\Local\Pub\Cache\hosted\pub.dev\geolocator-10.1.1\
[   +1 ms] Found plugin geolocator_windows at C:\Users\PC\AppData\Local\Pub\Cache\hosted\pub.dev\geolocator_windows-0.2.5\
[   +5 ms] Found plugin geolocator_web at C:\Users\PC\AppData\Local\Pub\Cache\hosted\pub.dev\geolocator_web-2.2.1\
[   +1 ms] Found plugin geolocator_apple at C:\Users\PC\AppData\Local\Pub\Cache\hosted\pub.dev\geolocator_apple-2.3.13\
[   +2 ms] Found plugin geolocator_android at C:\Users\PC\AppData\Local\Pub\Cache\hosted\pub.dev\geolocator_android-4.6.2\
[   +2 ms] Found plugin geocoding at C:\Users\PC\AppData\Local\Pub\Cache\hosted\pub.dev\geocoding-3.0.0\
[   +3 ms] Found plugin geocoding_ios at C:\Users\PC\AppData\Local\Pub\Cache\hosted\pub.dev\geocoding_ios-3.1.0\
[   +1 ms] Found plugin geocoding_android at C:\Users\PC\AppData\Local\Pub\Cache\hosted\pub.dev\geocoding_android-3.3.1\
[   +3 ms] Found plugin flutter_windowmanager at C:\Users\PC\AppData\Local\Pub\Cache\hosted\pub.dev\flutter_windowmanager-0.2.0\
[   +2 ms] Found plugin flutter_webrtc at C:\Users\PC\AppData\Local\Pub\Cache\hosted\pub.dev\flutter_webrtc-0.12.12+hotfix.1\
[   +6 ms] Found plugin flutter_local_notifications at C:\Users\PC\AppData\Local\Pub\Cache\hosted\pub.dev\flutter_local_notifications-17.2.4\
[   +3 ms] Found plugin flutter_local_notifications_linux at C:\Users\PC\AppData\Local\Pub\Cache\hosted\pub.dev\flutter_local_notifications_linux-4.0.1\
[   +1 ms] Found plugin flutter_facebook_auth at C:\Users\PC\AppData\Local\Pub\Cache\hosted\pub.dev\flutter_facebook_auth-6.2.0\
[   +3 ms] Found plugin flutter_facebook_auth_web at C:\Users\PC\AppData\Local\Pub\Cache\hosted\pub.dev\flutter_facebook_auth_web-5.0.0\
[   +3 ms] Found plugin facebook_auth_desktop at C:\Users\PC\AppData\Local\Pub\Cache\hosted\pub.dev\facebook_auth_desktop-1.0.3\
[   +2 ms] Found plugin flutter_secure_storage at C:\Users\PC\AppData\Local\Pub\Cache\hosted\pub.dev\flutter_secure_storage-9.2.4\
[   +2 ms] Found plugin flutter_secure_storage_windows at C:\Users\PC\AppData\Local\Pub\Cache\hosted\pub.dev\flutter_secure_storage_windows-3.1.2\
[   +3 ms] Found plugin flutter_secure_storage_web at C:\Users\PC\AppData\Local\Pub\Cache\hosted\pub.dev\flutter_secure_storage_web-1.2.1\
[   +2 ms] Found plugin flutter_secure_storage_macos at C:\Users\PC\AppData\Local\Pub\Cache\hosted\pub.dev\flutter_secure_storage_macos-3.1.3\
[   +3 ms] Found plugin flutter_secure_storage_linux at C:\Users\PC\AppData\Local\Pub\Cache\hosted\pub.dev\flutter_secure_storage_linux-1.2.3\
[   +6 ms] Found plugin sqflite at C:\Users\PC\AppData\Local\Pub\Cache\hosted\pub.dev\sqflite-2.4.2\
[   +5 ms] Found plugin sqflite_darwin at C:\Users\PC\AppData\Local\Pub\Cache\hosted\pub.dev\sqflite_darwin-2.4.2\
[   +1 ms] Found plugin sqflite_android at C:\Users\PC\AppData\Local\Pub\Cache\hosted\pub.dev\sqflite_android-2.4.2+2\
[   +3 ms] Found plugin flutter_blue_plus at C:\Users\PC\AppData\Local\Pub\Cache\hosted\pub.dev\flutter_blue_plus-1.36.8\
[   +1 ms] Found plugin flutter_blue_plus_web at C:\Users\PC\AppData\Local\Pub\Cache\hosted\pub.dev\flutter_blue_plus_web-7.0.2\
[   +3 ms] Found plugin flutter_blue_plus_linux at C:\Users\PC\AppData\Local\Pub\Cache\hosted\pub.dev\flutter_blue_plus_linux-7.0.3\
[   +3 ms] Found plugin flutter_blue_plus_darwin at C:\Users\PC\AppData\Local\Pub\Cache\hosted\pub.dev\flutter_blue_plus_darwin-7.0.3\
[   +2 ms] Found plugin flutter_blue_plus_android at C:\Users\PC\AppData\Local\Pub\Cache\hosted\pub.dev\flutter_blue_plus_android-7.0.4\
[   +5 ms] Found plugin flutter_ble_peripheral at C:\Users\PC\AppData\Local\Pub\Cache\hosted\pub.dev\flutter_ble_peripheral-1.2.6\
[   +2 ms] Found plugin flutter_background_service at C:\Users\PC\AppData\Local\Pub\Cache\hosted\pub.dev\flutter_background_service-5.1.0\
[   +3 ms] Found plugin flutter_background_service_ios at C:\Users\PC\AppData\Local\Pub\Cache\hosted\pub.dev\flutter_background_service_ios-5.0.3\
[   +1 ms] Found plugin flutter_background_service_android at C:\Users\PC\AppData\Local\Pub\Cache\hosted\pub.dev\flutter_background_service_android-6.3.1\
[   +3 ms] Found plugin firebase_storage at C:\Users\PC\AppData\Local\Pub\Cache\hosted\pub.dev\firebase_storage-12.4.10\
[   +1 ms] Found plugin firebase_storage_web at C:\Users\PC\AppData\Local\Pub\Cache\hosted\pub.dev\firebase_storage_web-3.10.17\
[   +4 ms] Found plugin firebase_messaging at C:\Users\PC\AppData\Local\Pub\Cache\hosted\pub.dev\firebase_messaging-15.2.10\
[   +3 ms] Found plugin firebase_messaging_web at C:\Users\PC\AppData\Local\Pub\Cache\hosted\pub.dev\firebase_messaging_web-3.10.10\
[   +4 ms] Found plugin firebase_database at C:\Users\PC\AppData\Local\Pub\Cache\hosted\pub.dev\firebase_database-11.3.10\
[   +2 ms] Found plugin firebase_database_web at C:\Users\PC\AppData\Local\Pub\Cache\hosted\pub.dev\firebase_database_web-0.2.6+16\
[   +2 ms] Found plugin firebase_auth at C:\Users\PC\AppData\Local\Pub\Cache\hosted\pub.dev\firebase_auth-5.7.0\
[   +3 ms] Found plugin firebase_auth_web at C:\Users\PC\AppData\Local\Pub\Cache\hosted\pub.dev\firebase_auth_web-5.15.3\
[   +2 ms] Found plugin firebase_analytics at C:\Users\PC\AppData\Local\Pub\Cache\hosted\pub.dev\firebase_analytics-11.6.0\
[   +1 ms] Found plugin firebase_analytics_web at C:\Users\PC\AppData\Local\Pub\Cache\hosted\pub.dev\firebase_analytics_web-0.5.10+16\
[   +2 ms] Found plugin file_picker at C:\Users\PC\AppData\Local\Pub\Cache\hosted\pub.dev\file_picker-8.3.7\
[   +5 ms] Found plugin connectivity_plus at C:\Users\PC\AppData\Local\Pub\Cache\hosted\pub.dev\connectivity_plus-5.0.2\
[   +5 ms] Found plugin cloud_functions at C:\Users\PC\AppData\Local\Pub\Cache\hosted\pub.dev\cloud_functions-5.6.2\
[   +1 ms] Found plugin cloud_functions_web at C:\Users\PC\AppData\Local\Pub\Cache\hosted\pub.dev\cloud_functions_web-4.11.5\
[   +2 ms] Found plugin camera at C:\Users\PC\AppData\Local\Pub\Cache\hosted\pub.dev\camera-0.10.6\
[   +1 ms] Found plugin camera_web at C:\Users\PC\AppData\Local\Pub\Cache\hosted\pub.dev\camera_web-0.3.5\
[   +2 ms] Found plugin camera_avfoundation at C:\Users\PC\AppData\Local\Pub\Cache\hosted\pub.dev\camera_avfoundation-0.9.22+4\
[   +1 ms] Found plugin camera_android at C:\Users\PC\AppData\Local\Pub\Cache\hosted\pub.dev\camera_android-0.10.10+11\
[  +36 ms] Found plugin audioplayers at C:\Users\PC\AppData\Local\Pub\Cache\hosted\pub.dev\audioplayers-5.2.1\
[   +2 ms] Found plugin audioplayers_windows at C:\Users\PC\AppData\Local\Pub\Cache\hosted\pub.dev\audioplayers_windows-3.1.0\
[   +3 ms] Found plugin audioplayers_web at C:\Users\PC\AppData\Local\Pub\Cache\hosted\pub.dev\audioplayers_web-4.1.0\
[   +1 ms] Found plugin audioplayers_linux at C:\Users\PC\AppData\Local\Pub\Cache\hosted\pub.dev\audioplayers_linux-3.1.0\
[   +2 ms] Found plugin audioplayers_darwin at C:\Users\PC\AppData\Local\Pub\Cache\hosted\pub.dev\audioplayers_darwin-5.0.2\
[   +1 ms] Found plugin audioplayers_android at C:\Users\PC\AppData\Local\Pub\Cache\hosted\pub.dev\audioplayers_android-4.0.3\
[   +1 ms] Found plugin app_settings at C:\Users\PC\AppData\Local\Pub\Cache\hosted\pub.dev\app_settings-5.2.0\
[+1134 ms] Generating C:\Users\PC\StudioProjects\freegram_fresh_start\android\app\src\main\java\io\flutter\plugins\GeneratedPluginRegistrant.java
[  +27 ms] Skipping generating GeneratedPluginRegistrant.java because it is up-to-date.
[  +28 ms] Skipping generating generated_plugin_registrant.h because it is up-to-date.
[  +20 ms] Skipping generating generated_plugin_registrant.cc because it is up-to-date.
[  +18 ms] Skipping generating generated_plugins.cmake because it is up-to-date.
[  +19 ms] Skipping generating generated_plugin_registrant.h because it is up-to-date.
[  +22 ms] Skipping generating generated_plugin_registrant.cc because it is up-to-date.
[  +19 ms] Skipping generating generated_plugins.cmake because it is up-to-date.
[  +18 ms] Skipping generating GeneratedPluginRegistrant.h because it is up-to-date.
[  +26 ms] Skipping generating GeneratedPluginRegistrant.m because it is up-to-date.
[  +31 ms] Skipping generating GeneratedPluginRegistrant.swift because it is up-to-date.
[ +465 ms] executing: C:\Program Files\Android\Android Studio\jbr\bin\java -version
[ +389 ms] Exit code 0 from: C:\Program Files\Android\Android Studio\jbr\bin\java -version
[        ] openjdk version "21.0.8" 2025-07-15
           OpenJDK Runtime Environment (build 21.0.8+-14196175-b1038.72)
           OpenJDK 64-Bit Server VM (build 21.0.8+-14196175-b1038.72, mixed mode)
[   +3 ms] executing: C:\Program Files\Android\Android Studio\jbr\bin\java -version
[ +320 ms] Exit code 0 from: C:\Program Files\Android\Android Studio\jbr\bin\java -version
[        ] openjdk version "21.0.8" 2025-07-15
           OpenJDK Runtime Environment (build 21.0.8+-14196175-b1038.72)
           OpenJDK 64-Bit Server VM (build 21.0.8+-14196175-b1038.72, mixed mode)
[   +5 ms] executing: C:\Program Files\Android\Android Studio\jbr\bin\java -version
[ +289 ms] Exit code 0 from: C:\Program Files\Android\Android Studio\jbr\bin\java -version
[        ] openjdk version "21.0.8" 2025-07-15
           OpenJDK Runtime Environment (build 21.0.8+-14196175-b1038.72)
           OpenJDK 64-Bit Server VM (build 21.0.8+-14196175-b1038.72, mixed mode)
[  +84 ms] Top-level Gradle build file not found, skipping migration of task "clean".
[   +7 ms] executing: C:\Program Files\Android\Android Studio\jbr\bin\java --version
[ +370 ms] Exit code 0 from: C:\Program Files\Android\Android Studio\jbr\bin\java --version
[        ] openjdk 21.0.8 2025-07-15
           OpenJDK Runtime Environment (build 21.0.8+-14196175-b1038.72)
           OpenJDK 64-Bit Server VM (build 21.0.8+-14196175-b1038.72, mixed mode)
[   +5 ms] Version of Java is different than impacted version, no migration attempted.
[  +49 ms] CMake project not found, skipping support Android 15 16k page size migration.
[  +12 ms] Using gradle from C:\Users\PC\StudioProjects\freegram_fresh_start\android\gradlew.bat.
[ +244 ms] LocalFile: 'C:\Users\PC\StudioProjects\freegram_fresh_start\android\build.gradle.kts' doesn't provide an AGP version. Checking settings.
[  +54 ms] LocalFile: 'C:\Users\PC\StudioProjects\freegram_fresh_start\android\settings.gradle.kts' provides AGP version: 8.9.1
[  +49 ms] Running Gradle task 'assembleRelease'...
[   +2 ms] executing: [C:\Users\PC\StudioProjects\freegram_fresh_start\android/] C:\Users\PC\StudioProjects\freegram_fresh_start\android\gradlew.bat --full-stacktrace --info -Pverbose=true -Ptarget-platform=android-arm,android-arm64,android-x64 -Ptarget=lib\main.dart -Pbase-application-name=android.app.Application -Pdart-defines=RkxVVFRFUl9WRVJTSU9OPTMuMzUuNQ==,RkxVVFRFUl9DSEFOTkVMPXN0YWJsZQ==,RkxVVFRFUl9HSVRfVVJMPWh0dHBzOi8vZ2l0aHViLmNvbS9mbHV0dGVyL2ZsdXR0ZXIuZ2l0,RkxVVFRFUl9GUkFNRVdPUktfUkVWSVNJT049YWM0ZTc5OWQyMw==,RkxVVFRFUl9FTkdJTkVfUkVWSVNJT049ZDNkNDVkY2YyNQ==,RkxVVFRFUl9EQVJUX1ZFUlNJT049My45LjI= -Pdart-obfuscation=false -Ptrack-widget-creation=true -Ptree-shake-icons=true assembleRelease
[+2951 ms] Initialized native services in: C:\Users\PC\.gradle\native
[   +1 ms] Initialized jansi services in: C:\Users\PC\.gradle\native
[+1512 ms] The client will now receive all logging from the daemon (pid: 9556). The daemon log file: C:\Users\PC\.gradle\daemon\8.12\daemon-9556.out.log
[   +3 ms] Starting 5th build in daemon [uptime: 27 mins 47.622 secs, performance: 100%, GC rate: 0.00/s, heap usage: 0% of 8 GiB, non-heap usage: 3% of 4 GiB]
[        ] Using 4 worker leases.
[        ] Now considering [C:\Users\PC\StudioProjects\freegram_fresh_start\android, C:\flutter\packages\flutter_tools\gradle] as hierarchies to watch
[        ] Watching the file system is configured to be enabled if available
[ +100 ms] File system watching is active
[        ] Starting Build
[   +5 ms] Now considering [C:\flutter\packages\flutter_tools\gradle, C:\Users\PC\StudioProjects\freegram_fresh_start\android] as hierarchies to watch
[ +982 ms] > Configure project :gradle
[        ] Evaluating project ':gradle' using build file 'C:\flutter\packages\flutter_tools\gradle\build.gradle.kts'.
[        ] Resolved plugin [id: 'org.gradle.java-gradle-plugin']
[        ] Resolved plugin [id: 'org.gradle.groovy']
[        ] Resolved plugin [id: 'org.gradle.kotlin.kotlin-dsl', version: '5.1.2']
[        ] Resolved plugin [id: 'org.jetbrains.kotlin.jvm', version: '1.9.20']
[        ] Using Kotlin Gradle Plugin gradle85 variant
[        ] kotlin scripting plugin: created the scripting discovery configuration: kotlinScriptDef
[        ] kotlin scripting plugin: created the scripting discovery configuration: testKotlinScriptDef
[        ] file or directory 'C:\flutter\packages\flutter_tools\gradle\src\main\java', not found
[        ] Resolved plugin [id: 'dev.flutter.flutter-plugin-loader', version: '1.0.0']
[        ] Resolved plugin [id: 'com.android.application', version: '8.9.1', apply: false]
[        ] Resolved plugin [id: 'com.google.gms.google-services', version: '4.3.15', apply: false]
[        ] Resolved plugin [id: 'org.jetbrains.kotlin.android', version: '2.1.0', apply: false]
[        ] Resolve mutations for :gradle:checkKotlinGradlePluginConfigurationErrors (Thread[#309,Execution worker,5,main]) started.
[        ] :gradle:checkKotlinGradlePluginConfigurationErrors (Thread[#309,Execution worker,5,main]) started.
[   +1 ms] > Task :gradle:checkKotlinGradlePluginConfigurationErrors SKIPPED
[        ] Skipping task ':gradle:checkKotlinGradlePluginConfigurationErrors' as task onlyIf 'errorDiagnostics are present' is false.
[   +1 ms] Resolve mutations for :gradle:compileKotlin (Thread[#309,Execution worker,5,main]) started.
[        ] :gradle:compileKotlin (Thread[#309,Execution worker,5,main]) started.
[ +184 ms] > Task :gradle:compileKotlin UP-TO-DATE
[        ] Caching disabled for task ':gradle:compileKotlin' because:
[        ]   Build cache is disabled
[   +2 ms] Skipping task ':gradle:compileKotlin' as it is up-to-date.
[        ] Resolve mutations for :gradle:compileJava (Thread[#309,Execution worker,5,main]) started.
[        ] :gradle:compileJava (Thread[#309,Execution worker,5,main]) started.
[        ] > Task :gradle:compileJava NO-SOURCE
[   +1 ms] Skipping task ':gradle:compileJava' as it has no source files and no previous output files.
[        ] Resolve mutations for :gradle:compileGroovy (Thread[#309,Execution worker,5,main]) started.
[        ] :gradle:compileGroovy (Thread[#309,Execution worker,5,main]) started.
[        ] > Task :gradle:compileGroovy NO-SOURCE
[        ] Skipping task ':gradle:compileGroovy' as it has no source files and no previous output files.
[        ] Resolve mutations for :gradle:pluginDescriptors (Thread[#309,Execution worker,5,main]) started.
[        ] :gradle:pluginDescriptors (Thread[#309,Execution worker,5,main]) started.
[   +2 ms] > Task :gradle:pluginDescriptors UP-TO-DATE
[        ] Caching disabled for task ':gradle:pluginDescriptors' because:
[        ]   Build cache is disabled
[        ]   Not worth caching
[        ] Skipping task ':gradle:pluginDescriptors' as it is up-to-date.
[        ] Resolve mutations for :gradle:processResources (Thread[#309,Execution worker,5,main]) started.
[        ] :gradle:processResources (Thread[#309,Execution worker,5,main]) started.
[        ] > Task :gradle:processResources UP-TO-DATE
[        ] Caching disabled for task ':gradle:processResources' because:
[        ]   Build cache is disabled
[        ]   Not worth caching
[        ] Skipping task ':gradle:processResources' as it is up-to-date.
[        ] Resolve mutations for :gradle:classes (Thread[#309,Execution worker,5,main]) started.
[        ] :gradle:classes (Thread[#309,Execution worker,5,main]) started.
[        ] > Task :gradle:classes UP-TO-DATE
[        ] Skipping task ':gradle:classes' as it has no actions.
[        ] Resolve mutations for :gradle:jar (Thread[#309,Execution worker,5,main]) started.
[        ] :gradle:jar (Thread[#309,Execution worker,5,main]) started.
[        ] > Task :gradle:jar UP-TO-DATE
[        ] Caching disabled for task ':gradle:jar' because:
[        ]   Build cache is disabled
[        ]   Not worth caching
[        ] Skipping task ':gradle:jar' as it is up-to-date.
[ +384 ms] Settings evaluated using settings file 'C:\Users\PC\StudioProjects\freegram_fresh_start\android\settings.gradle.kts'.
[  +89 ms] Projects loaded. Root project using build file 'C:\Users\PC\StudioProjects\freegram_fresh_start\android\build.gradle.kts'.
[  +12 ms] Included projects: [root project 'android', project ':app', project ':app_settings', project ':audioplayers_android', project ':camera_android', project ':cloud_firestore', project ':cloud_functions', project ':connectivity_plus', project ':device_info_plus', project ':file_picker', project ':firebase_analytics', project ':firebase_auth', project ':firebase_core', project ':firebase_database', project ':firebase_messaging', project ':firebase_storage', project ':flutter_background_service_android', project ':flutter_ble_peripheral', project ':flutter_blue_plus_android', project ':flutter_facebook_auth', project ':flutter_local_notifications', project ':flutter_plugin_android_lifecycle', project ':flutter_secure_storage', project ':flutter_webrtc', project ':flutter_windowmanager', project ':geocoding_android', project ':geolocator_android', project ':google_mobile_ads', project ':google_sign_in_android', project ':image_picker_android', project ':in_app_purchase_android', project ':path_provider_android', project ':permission_handler_android', project ':photo_manager', project ':record_android', project ':share_plus', project ':shared_preferences_android', project ':sqflite_android', project ':url_launcher_android', project ':vibration', project ':video_compress', project ':video_player_android', project ':video_thumbnail', project ':webview_flutter_android']
[ +785 ms] > Configure project :app
[        ] Evaluating project ':app' using build file 'C:\Users\PC\StudioProjects\freegram_fresh_start\android\app\build.gradle.kts'.
[        ] Resolved plugin [id: 'com.android.application']
[        ] Resolved plugin [id: 'com.google.gms.google-services']
[        ] Resolved plugin [id: 'kotlin-android']
[        ] Resolved plugin [id: 'dev.flutter.flutter-gradle-plugin']
[        ] Using default execution profile
[        ] Using Kotlin Gradle Plugin gradle85 variant
[  +24 ms]  Namespace already set in ffmpeg_kit_flutter build file
[   +3 ms]  Fixed ffmpeg_kit_flutter build file at: C:\Users\PC\AppData\Local\Pub\Cache\hosted\pub.dev\ffmpeg_kit_flutter_new-3.2.0\android\build.gradle
[        ] C/C++: android.ndkVersion from module build.gradle is [27.0.12077973]
[        ] C/C++: android.ndkPath from module build.gradle is not set
[   +1 ms] C/C++: ndk.dir in local.properties is not set
[        ] C/C++: Not considering ANDROID_NDK_HOME because support was removed after deprecation period.
[        ] C/C++: sdkFolder is C:\Users\PC\AppData\Local\Android\sdk
[        ] C/C++: android.ndkVersion from module build.gradle is [27.0.12077973]
[        ] C/C++: android.ndkPath from module build.gradle is not set
[        ] C/C++: ndk.dir in local.properties is not set
[        ] C/C++: Not considering ANDROID_NDK_HOME because support was removed after deprecation period.
[  +11 ms] C/C++: sdkFolder is C:\Users\PC\AppData\Local\Android\sdk
[        ] C/C++: android.ndkVersion from module build.gradle is [27.0.12077973]
[        ] C/C++: android.ndkPath from module build.gradle is not set
[        ] C/C++: ndk.dir in local.properties is not set
[        ] C/C++: Not considering ANDROID_NDK_HOME because support was removed after deprecation period.
[        ] C/C++: sdkFolder is C:\Users\PC\AppData\Local\Android\sdk
[        ] C/C++: android.ndkVersion from module build.gradle is [27.0.12077973]
[        ] C/C++: android.ndkPath from module build.gradle is not set
[   +1 ms] C/C++: ndk.dir in local.properties is not set
[        ] C/C++: Not considering ANDROID_NDK_HOME because support was removed after deprecation period.
[        ] C/C++: sdkFolder is C:\Users\PC\AppData\Local\Android\sdk
[        ] C/C++: android.ndkVersion from module build.gradle is [27.0.12077973]
[        ] C/C++: android.ndkPath from module build.gradle is not set
[        ] C/C++: ndk.dir in local.properties is not set
[   +3 ms] C/C++: Not considering ANDROID_NDK_HOME because support was removed after deprecation period.
[        ] C/C++: sdkFolder is C:\Users\PC\AppData\Local\Android\sdk
[        ] C/C++: android.ndkVersion from module build.gradle is [27.0.12077973]
[        ] C/C++: android.ndkPath from module build.gradle is not set
[        ] C/C++: ndk.dir in local.properties is not set
[        ] C/C++: Not considering ANDROID_NDK_HOME because support was removed after deprecation period.
[        ] C/C++: sdkFolder is C:\Users\PC\AppData\Local\Android\sdk
[        ] C/C++: android.ndkVersion from module build.gradle is [27.0.12077973]
[        ] C/C++: android.ndkPath from module build.gradle is not set
[        ] C/C++: ndk.dir in local.properties is not set
[        ] C/C++: Not considering ANDROID_NDK_HOME because support was removed after deprecation period.
[        ] C/C++: sdkFolder is C:\Users\PC\AppData\Local\Android\sdk
[        ] C/C++: android.ndkVersion from module build.gradle is [27.0.12077973]
[        ] C/C++: android.ndkPath from module build.gradle is not set
[        ] C/C++: ndk.dir in local.properties is not set
[        ] C/C++: Not considering ANDROID_NDK_HOME because support was removed after deprecation period.
[        ] C/C++: sdkFolder is C:\Users\PC\AppData\Local\Android\sdk
[        ] C/C++: android.ndkVersion from module build.gradle is [27.0.12077973]
[        ] C/C++: android.ndkPath from module build.gradle is not set
[        ] C/C++: ndk.dir in local.properties is not set
[        ] C/C++: Not considering ANDROID_NDK_HOME because support was removed after deprecation period.
[        ] C/C++: sdkFolder is C:\Users\PC\AppData\Local\Android\sdk
[        ] C/C++: android.ndkVersion from module build.gradle is [27.0.12077973]
[        ] C/C++: android.ndkPath from module build.gradle is not set
[        ] C/C++: ndk.dir in local.properties is not set
[   +1 ms] C/C++: Not considering ANDROID_NDK_HOME because support was removed after deprecation period.
[        ] C/C++: sdkFolder is C:\Users\PC\AppData\Local\Android\sdk
[        ] C/C++: android.ndkVersion from module build.gradle is [27.0.12077973]
[        ] C/C++: android.ndkPath from module build.gradle is not set
[        ] C/C++: ndk.dir in local.properties is not set
[        ] C/C++: Not considering ANDROID_NDK_HOME because support was removed after deprecation period.
[        ] C/C++: sdkFolder is C:\Users\PC\AppData\Local\Android\sdk
[   +1 ms] C/C++: android.ndkVersion from module build.gradle is [27.0.12077973]
[   +2 ms] C/C++: android.ndkPath from module build.gradle is not set
[        ] C/C++: ndk.dir in local.properties is not set
[        ] C/C++: Not considering ANDROID_NDK_HOME because support was removed after deprecation period.
[        ] C/C++: sdkFolder is C:\Users\PC\AppData\Local\Android\sdk
[        ] C/C++: android.ndkVersion from module build.gradle is [27.0.12077973]
[        ] C/C++: android.ndkPath from module build.gradle is not set
[        ] C/C++: ndk.dir in local.properties is not set
[        ] C/C++: Not considering ANDROID_NDK_HOME because support was removed after deprecation period.
[        ] C/C++: sdkFolder is C:\Users\PC\AppData\Local\Android\sdk
[        ] C/C++: android.ndkVersion from module build.gradle is [27.0.12077973]
[        ] C/C++: android.ndkPath from module build.gradle is not set
[        ] C/C++: ndk.dir in local.properties is not set
[        ] C/C++: Not considering ANDROID_NDK_HOME because support was removed after deprecation period.
[        ] C/C++: sdkFolder is C:\Users\PC\AppData\Local\Android\sdk
[        ] C/C++: android.ndkVersion from module build.gradle is [27.0.12077973]
[        ] C/C++: android.ndkPath from module build.gradle is not set
[        ] C/C++: ndk.dir in local.properties is not set
[        ] C/C++: Not considering ANDROID_NDK_HOME because support was removed after deprecation period.
[        ] C/C++: sdkFolder is C:\Users\PC\AppData\Local\Android\sdk
[        ] C/C++: android.ndkVersion from module build.gradle is [27.0.12077973]
[   +1 ms] C/C++: android.ndkPath from module build.gradle is not set
[        ] C/C++: ndk.dir in local.properties is not set
[        ] C/C++: Not considering ANDROID_NDK_HOME because support was removed after deprecation period.
[        ] C/C++: sdkFolder is C:\Users\PC\AppData\Local\Android\sdk
[        ] C/C++: android.ndkVersion from module build.gradle is [27.0.12077973]
[        ] C/C++: android.ndkPath from module build.gradle is not set
[        ] C/C++: ndk.dir in local.properties is not set
[        ] C/C++: Not considering ANDROID_NDK_HOME because support was removed after deprecation period.
[        ] C/C++: sdkFolder is C:\Users\PC\AppData\Local\Android\sdk
[   +7 ms] C/C++: android.ndkVersion from module build.gradle is [27.0.12077973]
[        ] C/C++: android.ndkPath from module build.gradle is not set
[        ] C/C++: ndk.dir in local.properties is not set
[        ] C/C++: Not considering ANDROID_NDK_HOME because support was removed after deprecation period.
[        ] C/C++: sdkFolder is C:\Users\PC\AppData\Local\Android\sdk
[        ] C/C++: android.ndkVersion from module build.gradle is [27.0.12077973]
[        ] C/C++: android.ndkPath from module build.gradle is not set
[   +5 ms] C/C++: ndk.dir in local.properties is not set
[        ] C/C++: Not considering ANDROID_NDK_HOME because support was removed after deprecation period.
[        ] C/C++: sdkFolder is C:\Users\PC\AppData\Local\Android\sdk
[        ] > Configure project :
[  +13 ms] Evaluating root project 'android' using build file 'C:\Users\PC\StudioProjects\freegram_fresh_start\android\build.gradle.kts'.
[ +300 ms] > Configure project :app_settings
[        ] Evaluating project ':app_settings' using build file 'C:\Users\PC\AppData\Local\Pub\Cache\hosted\pub.dev\app_settings-5.2.0\android\build.gradle'.
[        ] Using default execution profile
[   +3 ms] Using Kotlin Gradle Plugin gradle85 variant
[ +596 ms] > Configure project :audioplayers_android
[        ] Evaluating project ':audioplayers_android' using build file 'C:\Users\PC\AppData\Local\Pub\Cache\hosted\pub.dev\audioplayers_android-4.0.3\android\build.gradle'.
[        ] Using default execution profile
[        ] Using Kotlin Gradle Plugin gradle85 variant
[ +492 ms] > Configure project :camera_android
[   +1 ms] Evaluating project ':camera_android' using build file 'C:\Users\PC\AppData\Local\Pub\Cache\hosted\pub.dev\camera_android-0.10.10+11\android\build.gradle'.
[        ] Using default execution profile
[ +289 ms] > Configure project :cloud_firestore
[        ] Evaluating project ':cloud_firestore' using build file 'C:\Users\PC\AppData\Local\Pub\Cache\hosted\pub.dev\cloud_firestore-5.6.12\android\build.gradle'.
[        ] Using default execution profile
[ +699 ms] > Configure project :cloud_functions
[   +1 ms] Evaluating project ':cloud_functions' using build file 'C:\Users\PC\AppData\Local\Pub\Cache\hosted\pub.dev\cloud_functions-5.6.2\android\build.gradle'.
[        ] Using default execution profile
[        ] Using Kotlin Gradle Plugin gradle85 variant
[ +203 ms] > Configure project :connectivity_plus
[   +5 ms] Evaluating project ':connectivity_plus' using build file 'C:\Users\PC\AppData\Local\Pub\Cache\hosted\pub.dev\connectivity_plus-5.0.2\android\build.gradle'.
[  +10 ms] Using default execution profile
[ +389 ms] > Configure project :device_info_plus
[   +1 ms] Evaluating project ':device_info_plus' using build file 'C:\Users\PC\AppData\Local\Pub\Cache\hosted\pub.dev\device_info_plus-9.1.2\android\build.gradle'.
[   +1 ms] Using default execution profile
[        ] Using Kotlin Gradle Plugin gradle85 variant
[ +188 ms] > Configure project :file_picker
[        ] Evaluating project ':file_picker' using build file 'C:\Users\PC\AppData\Local\Pub\Cache\hosted\pub.dev\file_picker-8.3.7\android\build.gradle'.
[        ] Using default execution profile
[ +295 ms] > Configure project :firebase_analytics
[        ] Evaluating project ':firebase_analytics' using build file 'C:\Users\PC\AppData\Local\Pub\Cache\hosted\pub.dev\firebase_analytics-11.6.0\android\build.gradle'.
[        ] Using default execution profile
[        ] Using Kotlin Gradle Plugin gradle85 variant
[   +1 ms] > Configure project :firebase_auth
[        ] Evaluating project ':firebase_auth' using build file 'C:\Users\PC\AppData\Local\Pub\Cache\hosted\pub.dev\firebase_auth-5.7.0\android\build.gradle'.
[        ] Using default execution profile
[  +90 ms] > Configure project :firebase_core
[   +1 ms] Evaluating project ':firebase_core' using build file 'C:\Users\PC\AppData\Local\Pub\Cache\hosted\pub.dev\firebase_core-3.15.2\android\build.gradle'.
[        ] Using default execution profile
[ +108 ms] > Configure project :firebase_database
[        ] Evaluating project ':firebase_database' using build file 'C:\Users\PC\AppData\Local\Pub\Cache\hosted\pub.dev\firebase_database-11.3.10\android\build.gradle'.
[        ] Using default execution profile
[        ] > Configure project :firebase_messaging
[        ] Evaluating project ':firebase_messaging' using build file 'C:\Users\PC\AppData\Local\Pub\Cache\hosted\pub.dev\firebase_messaging-15.2.10\android\build.gradle'.
[        ] Using default execution profile
[  +89 ms] > Configure project :firebase_storage
[        ] Evaluating project ':firebase_storage' using build file 'C:\Users\PC\AppData\Local\Pub\Cache\hosted\pub.dev\firebase_storage-12.4.10\android\build.gradle'.
[        ] Using default execution profile
[ +108 ms] > Configure project :flutter_background_service_android
[        ] Evaluating project ':flutter_background_service_android' using build file 'C:\Users\PC\AppData\Local\Pub\Cache\hosted\pub.dev\flutter_background_service_android-6.3.1\android\build.gradle'.
[        ] Using default execution profile
[ +506 ms] > Configure project :flutter_ble_peripheral
[   +1 ms] Evaluating project ':flutter_ble_peripheral' using build file 'C:\Users\PC\AppData\Local\Pub\Cache\hosted\pub.dev\flutter_ble_peripheral-1.2.6\android\build.gradle'.
[   +1 ms] Using default execution profile
[   +1 ms] Using Kotlin Gradle Plugin gradle85 variant
[   +1 ms] > Configure project :flutter_blue_plus_android
[   +2 ms] Evaluating project ':flutter_blue_plus_android' using build file 'C:\Users\PC\AppData\Local\Pub\Cache\hosted\pub.dev\flutter_blue_plus_android-7.0.4\android\build.gradle'.
[        ] Using default execution profile
[ +278 ms] > Configure project :flutter_facebook_auth
[        ] Evaluating project ':flutter_facebook_auth' using build file 'C:\Users\PC\AppData\Local\Pub\Cache\hosted\pub.dev\flutter_facebook_auth-6.2.0\android\build.gradle'.
[        ] Using default execution profile
[ +122 ms] > Configure project :flutter_local_notifications
[        ] Evaluating project ':flutter_local_notifications' using build file 'C:\Users\PC\AppData\Local\Pub\Cache\hosted\pub.dev\flutter_local_notifications-17.2.4\android\build.gradle'.
[        ] Using default execution profile
[ +180 ms] > Configure project :flutter_plugin_android_lifecycle
[        ] Evaluating project ':flutter_plugin_android_lifecycle' using build file 'C:\Users\PC\AppData\Local\Pub\Cache\hosted\pub.dev\flutter_plugin_android_lifecycle-2.0.32\android\build.gradle'.
[        ] Using default execution profile
[ +200 ms] > Configure project :flutter_secure_storage
[        ] Evaluating project ':flutter_secure_storage' using build file 'C:\Users\PC\AppData\Local\Pub\Cache\hosted\pub.dev\flutter_secure_storage-9.2.4\android\build.gradle'.
[        ] Using default execution profile
[ +395 ms] > Configure project :flutter_webrtc
[        ] Evaluating project ':flutter_webrtc' using build file 'C:\Users\PC\AppData\Local\Pub\Cache\hosted\pub.dev\flutter_webrtc-0.12.12+hotfix.1\android\build.gradle'.
[        ] Using default execution profile
[        ] Using Kotlin Gradle Plugin gradle85 variant
[ +188 ms] > Configure project :flutter_windowmanager
[        ] Evaluating project ':flutter_windowmanager' using build file 'C:\Users\PC\AppData\Local\Pub\Cache\hosted\pub.dev\flutter_windowmanager-0.2.0\android\build.gradle'.
[        ] Using default execution profile
[ +105 ms] [Incubating] Problems report is available at: file:///C:/Users/PC/StudioProjects/freegram_fresh_start/android/build/reports/problems/problems-report.html
[   +1 ms] FAILURE: Build failed with an exception.
[   +3 ms] * What went wrong:
[        ] A problem occurred configuring project ':flutter_windowmanager'.
[        ] > Could not create an instance of type com.android.build.api.variant.impl.LibraryVariantBuilderImpl.
[        ]    > Namespace not specified. Specify a namespace in the module's build file: C:\Users\PC\AppData\Local\Pub\Cache\hosted\pub.dev\flutter_windowmanager-0.2.0\android\build.gradle. See https://d.android.com/r/tools/upgrade-assistant/set-namespace for information about setting the namespace.
[        ]      If you've specified the package attribute in the source AndroidManifest.xml, you can use the AGP Upgrade Assistant to migrate to the namespace value in the build file. Refer to https://d.android.com/r/tools/upgrade-assistant/agp-upgrade-assistant for general information about using the AGP Upgrade Assistant.
[        ] * Try:
[        ] > Run with --debug option to get more log output.
[        ] > Run with --scan to get full insights.
[        ] > Get more help at https://help.gradle.org.
[        ] * Exception is:
[        ] org.gradle.api.ProjectConfigurationException: A problem occurred configuring project ':flutter_windowmanager'.
[        ] 	at org.gradle.configuration.project.LifecycleProjectEvaluator.wrapException(LifecycleProjectEvaluator.java:84)
[        ] 	at org.gradle.configuration.project.LifecycleProjectEvaluator.addConfigurationFailure(LifecycleProjectEvaluator.java:77)
[        ] 	at org.gradle.configuration.project.LifecycleProjectEvaluator.access$500(LifecycleProjectEvaluator.java:55)
[        ] 	at org.gradle.configuration.project.LifecycleProjectEvaluator$NotifyAfterEvaluate.run(LifecycleProjectEvaluator.java:255)
[        ] 	at org.gradle.internal.operations.DefaultBuildOperationRunner$1.execute(DefaultBuildOperationRunner.java:29)
[        ] 	at org.gradle.internal.operations.DefaultBuildOperationRunner$1.execute(DefaultBuildOperationRunner.java:26)
[        ] 	at org.gradle.internal.operations.DefaultBuildOperationRunner$2.execute(DefaultBuildOperationRunner.java:66)
[   +3 ms] 	at org.gradle.internal.operations.DefaultBuildOperationRunner$2.execute(DefaultBuildOperationRunner.java:59)
[        ] 	at org.gradle.internal.operations.DefaultBuildOperationRunner.execute(DefaultBuildOperationRunner.java:166)
[        ] 	at org.gradle.internal.operations.DefaultBuildOperationRunner.execute(DefaultBuildOperationRunner.java:59)
[        ] 	at org.gradle.internal.operations.DefaultBuildOperationRunner.run(DefaultBuildOperationRunner.java:47)
[        ] 	at org.gradle.configuration.project.LifecycleProjectEvaluator$EvaluateProject.lambda$run$0(LifecycleProjectEvaluator.java:114)
[        ] 	at org.gradle.api.internal.project.DefaultProjectStateRegistry$ProjectStateImpl.lambda$applyToMutableState$1(DefaultProjectStateRegistry.java:411)
[        ] 	at org.gradle.api.internal.project.DefaultProjectStateRegistry$ProjectStateImpl.lambda$fromMutableState$2(DefaultProjectStateRegistry.java:434)
[        ] 	at org.gradle.internal.work.DefaultWorkerLeaseService.withReplacedLocks(DefaultWorkerLeaseService.java:359)
[        ] 	at org.gradle.api.internal.project.DefaultProjectStateRegistry$ProjectStateImpl.fromMutableState(DefaultProjectStateRegistry.java:434)
[        ] 	at org.gradle.api.internal.project.DefaultProjectStateRegistry$ProjectStateImpl.applyToMutableState(DefaultProjectStateRegistry.java:410)
[        ] 	at org.gradle.configuration.project.LifecycleProjectEvaluator$EvaluateProject.run(LifecycleProjectEvaluator.java:100)
[        ] 	at org.gradle.internal.operations.DefaultBuildOperationRunner$1.execute(DefaultBuildOperationRunner.java:29)
[        ] 	at org.gradle.internal.operations.DefaultBuildOperationRunner$1.execute(DefaultBuildOperationRunner.java:26)
[        ] 	at org.gradle.internal.operations.DefaultBuildOperationRunner$2.execute(DefaultBuildOperationRunner.java:66)
[        ] 	at org.gradle.internal.operations.DefaultBuildOperationRunner$2.execute(DefaultBuildOperationRunner.java:59)
[        ] 	at org.gradle.internal.operations.DefaultBuildOperationRunner.execute(DefaultBuildOperationRunner.java:166)
[        ] 	at org.gradle.internal.operations.DefaultBuildOperationRunner.execute(DefaultBuildOperationRunner.java:59)
[        ] 	at org.gradle.internal.operations.DefaultBuildOperationRunner.run(DefaultBuildOperationRunner.java:47)
[        ] 	at org.gradle.configuration.project.LifecycleProjectEvaluator.evaluate(LifecycleProjectEvaluator.java:72)
[        ] 	at org.gradle.api.internal.project.DefaultProject.evaluateUnchecked(DefaultProject.java:828)
[        ] 	at org.gradle.api.internal.project.ProjectLifecycleController.lambda$ensureSelfConfigured$2(ProjectLifecycleController.java:85)
[        ] 	at org.gradle.internal.model.StateTransitionController.lambda$doTransition$14(StateTransitionController.java:255)
[        ] 	at org.gradle.internal.model.StateTransitionController.doTransition(StateTransitionController.java:266)
[        ] 	at org.gradle.internal.model.StateTransitionController.doTransition(StateTransitionController.java:254)
[        ] 	at org.gradle.internal.model.StateTransitionController.lambda$maybeTransitionIfNotCurrentlyTransitioning$10(StateTransitionController.java:199)
[        ] 	at org.gradle.internal.work.DefaultSynchronizer.withLock(DefaultSynchronizer.java:36)
[        ] 	at org.gradle.internal.model.StateTransitionController.maybeTransitionIfNotCurrentlyTransitioning(StateTransitionController.java:195)
[        ] 	at org.gradle.api.internal.project.ProjectLifecycleController.ensureSelfConfigured(ProjectLifecycleController.java:85)
[        ] 	at org.gradle.api.internal.project.DefaultProjectStateRegistry$ProjectStateImpl.ensureConfigured(DefaultProjectStateRegistry.java:385)
[        ] 	at org.gradle.execution.TaskPathProjectEvaluator.configure(TaskPathProjectEvaluator.java:42)
[        ] 	at org.gradle.execution.TaskPathProjectEvaluator.configureHierarchy(TaskPathProjectEvaluator.java:58)
[        ] 	at org.gradle.configuration.DefaultProjectsPreparer.prepareProjects(DefaultProjectsPreparer.java:50)
[        ] 	at org.gradle.configuration.BuildTreePreparingProjectsPreparer.prepareProjects(BuildTreePreparingProjectsPreparer.java:65)
[        ] 	at org.gradle.configuration.BuildOperationFiringProjectsPreparer$ConfigureBuild.run(BuildOperationFiringProjectsPreparer.java:52)
[        ] 	at org.gradle.internal.operations.DefaultBuildOperationRunner$1.execute(DefaultBuildOperationRunner.java:29)
[        ] 	at org.gradle.internal.operations.DefaultBuildOperationRunner$1.execute(DefaultBuildOperationRunner.java:26)
[   +1 ms] 	at org.gradle.internal.operations.DefaultBuildOperationRunner$2.execute(DefaultBuildOperationRunner.java:66)
[        ] 	at org.gradle.internal.operations.DefaultBuildOperationRunner$2.execute(DefaultBuildOperationRunner.java:59)
[        ] 	at org.gradle.internal.operations.DefaultBuildOperationRunner.execute(DefaultBuildOperationRunner.java:166)
[        ] 	at org.gradle.internal.operations.DefaultBuildOperationRunner.execute(DefaultBuildOperationRunner.java:59)
[   +3 ms] 	at org.gradle.internal.operations.DefaultBuildOperationRunner.run(DefaultBuildOperationRunner.java:47)
[        ] 	at org.gradle.configuration.BuildOperationFiringProjectsPreparer.prepareProjects(BuildOperationFiringProjectsPreparer.java:40)
[        ] 	at org.gradle.initialization.VintageBuildModelController.lambda$prepareProjects$2(VintageBuildModelController.java:84)
[        ] 	at org.gradle.internal.model.StateTransitionController.lambda$doTransition$14(StateTransitionController.java:255)
[        ] 	at org.gradle.internal.model.StateTransitionController.doTransition(StateTransitionController.java:266)
[        ] 	at org.gradle.internal.model.StateTransitionController.doTransition(StateTransitionController.java:254)
[        ] 	at org.gradle.internal.model.StateTransitionController.lambda$transitionIfNotPreviously$11(StateTransitionController.java:213)
[        ] 	at org.gradle.internal.work.DefaultSynchronizer.withLock(DefaultSynchronizer.java:36)
[        ] 	at org.gradle.internal.model.StateTransitionController.transitionIfNotPreviously(StateTransitionController.java:209)
[        ] 	at org.gradle.initialization.VintageBuildModelController.prepareProjects(VintageBuildModelController.java:84)
[        ] 	at org.gradle.initialization.VintageBuildModelController.prepareToScheduleTasks(VintageBuildModelController.java:71)
[        ] 	at org.gradle.internal.build.DefaultBuildLifecycleController.lambda$prepareToScheduleTasks$6(DefaultBuildLifecycleController.java:175)
[        ] 	at org.gradle.internal.model.StateTransitionController.lambda$doTransition$14(StateTransitionController.java:255)
[        ] 	at org.gradle.internal.model.StateTransitionController.doTransition(StateTransitionController.java:266)
[        ] 	at org.gradle.internal.model.StateTransitionController.doTransition(StateTransitionController.java:254)
[        ] 	at org.gradle.internal.model.StateTransitionController.lambda$maybeTransition$9(StateTransitionController.java:190)
[        ] 	at org.gradle.internal.work.DefaultSynchronizer.withLock(DefaultSynchronizer.java:36)
[        ] 	at org.gradle.internal.model.StateTransitionController.maybeTransition(StateTransitionController.java:186)
[        ] 	at org.gradle.internal.build.DefaultBuildLifecycleController.prepareToScheduleTasks(DefaultBuildLifecycleController.java:173)
[        ] 	at org.gradle.internal.buildtree.DefaultBuildTreeWorkPreparer.scheduleRequestedTasks(DefaultBuildTreeWorkPreparer.java:36)
[        ] 	at org.gradle.internal.cc.impl.VintageBuildTreeWorkController$scheduleAndRunRequestedTasks$1.apply(VintageBuildTreeWorkController.kt:36)
[        ] 	at org.gradle.internal.cc.impl.VintageBuildTreeWorkController$scheduleAndRunRequestedTasks$1.apply(VintageBuildTreeWorkController.kt:35)
[        ] 	at org.gradle.composite.internal.DefaultIncludedBuildTaskGraph.withNewWorkGraph(DefaultIncludedBuildTaskGraph.java:112)
[        ] 	at org.gradle.internal.cc.impl.VintageBuildTreeWorkController.scheduleAndRunRequestedTasks(VintageBuildTreeWorkController.kt:35)
[  +34 ms] 	at org.gradle.internal.buildtree.DefaultBuildTreeLifecycleController.lambda$scheduleAndRunTasks$1(DefaultBuildTreeLifecycleController.java:77)
[        ] 	at org.gradle.internal.buildtree.DefaultBuildTreeLifecycleController.lambda$runBuild$4(DefaultBuildTreeLifecycleController.java:120)
[        ] 	at org.gradle.internal.model.StateTransitionController.lambda$transition$6(StateTransitionController.java:169)
[        ] 	at org.gradle.internal.model.StateTransitionController.doTransition(StateTransitionController.java:266)
[        ] 	at org.gradle.internal.model.StateTransitionController.lambda$transition$7(StateTransitionController.java:169)
[        ] 	at org.gradle.internal.work.DefaultSynchronizer.withLock(DefaultSynchronizer.java:46)
[        ] 	at org.gradle.internal.model.StateTransitionController.transition(StateTransitionController.java:169)
[        ] 	at org.gradle.internal.buildtree.DefaultBuildTreeLifecycleController.runBuild(DefaultBuildTreeLifecycleController.java:117)
[        ] 	at org.gradle.internal.buildtree.DefaultBuildTreeLifecycleController.scheduleAndRunTasks(DefaultBuildTreeLifecycleController.java:77)
[        ] 	at org.gradle.internal.buildtree.DefaultBuildTreeLifecycleController.scheduleAndRunTasks(DefaultBuildTreeLifecycleController.java:72)
[        ] 	at org.gradle.tooling.internal.provider.ExecuteBuildActionRunner.run(ExecuteBuildActionRunner.java:31)
[        ] 	at org.gradle.launcher.exec.ChainingBuildActionRunner.run(ChainingBuildActionRunner.java:35)
[        ] 	at org.gradle.internal.buildtree.ProblemReportingBuildActionRunner.run(ProblemReportingBuildActionRunner.java:49)
[        ] 	at org.gradle.launcher.exec.BuildOutcomeReportingBuildActionRunner.run(BuildOutcomeReportingBuildActionRunner.java:71)
[        ] 	at org.gradle.tooling.internal.provider.FileSystemWatchingBuildActionRunner.run(FileSystemWatchingBuildActionRunner.java:135)
[        ] 	at org.gradle.launcher.exec.BuildCompletionNotifyingBuildActionRunner.run(BuildCompletionNotifyingBuildActionRunner.java:41)
[   +3 ms] 	at org.gradle.launcher.exec.RootBuildLifecycleBuildActionExecutor.lambda$execute$0(RootBuildLifecycleBuildActionExecutor.java:54)
[        ] 	at org.gradle.composite.internal.DefaultRootBuildState.run(DefaultRootBuildState.java:130)
[        ] 	at org.gradle.launcher.exec.RootBuildLifecycleBuildActionExecutor.execute(RootBuildLifecycleBuildActionExecutor.java:54)
[        ] 	at org.gradle.internal.buildtree.InitDeprecationLoggingActionExecutor.execute(InitDeprecationLoggingActionExecutor.java:62)
[        ] 	at org.gradle.internal.buildtree.InitProblems.execute(InitProblems.java:36)
[        ] 	at org.gradle.internal.buildtree.DefaultBuildTreeContext.execute(DefaultBuildTreeContext.java:40)
[        ] 	at org.gradle.launcher.exec.BuildTreeLifecycleBuildActionExecutor.lambda$execute$0(BuildTreeLifecycleBuildActionExecutor.java:71)
[        ] 	at org.gradle.internal.buildtree.BuildTreeState.run(BuildTreeState.java:60)
[        ] 	at org.gradle.launcher.exec.BuildTreeLifecycleBuildActionExecutor.execute(BuildTreeLifecycleBuildActionExecutor.java:71)
[        ] 	at org.gradle.launcher.exec.RunAsBuildOperationBuildActionExecutor$2.call(RunAsBuildOperationBuildActionExecutor.java:67)
[        ] 	at org.gradle.launcher.exec.RunAsBuildOperationBuildActionExecutor$2.call(RunAsBuildOperationBuildActionExecutor.java:63)
[        ] 	at org.gradle.internal.operations.DefaultBuildOperationRunner$CallableBuildOperationWorker.execute(DefaultBuildOperationRunner.java:209)
[        ] 	at org.gradle.internal.operations.DefaultBuildOperationRunner$CallableBuildOperationWorker.execute(DefaultBuildOperationRunner.java:204)
[        ] 	at org.gradle.internal.operations.DefaultBuildOperationRunner$2.execute(DefaultBuildOperationRunner.java:66)
[        ] 	at org.gradle.internal.operations.DefaultBuildOperationRunner$2.execute(DefaultBuildOperationRunner.java:59)
[        ] 	at org.gradle.internal.operations.DefaultBuildOperationRunner.execute(DefaultBuildOperationRunner.java:166)
[        ] 	at org.gradle.internal.operations.DefaultBuildOperationRunner.execute(DefaultBuildOperationRunner.java:59)
[        ] 	at org.gradle.internal.operations.DefaultBuildOperationRunner.call(DefaultBuildOperationRunner.java:53)
[        ] 	at org.gradle.launcher.exec.RunAsBuildOperationBuildActionExecutor.execute(RunAsBuildOperationBuildActionExecutor.java:63)
[        ] 	at org.gradle.launcher.exec.RunAsWorkerThreadBuildActionExecutor.lambda$execute$0(RunAsWorkerThreadBuildActionExecutor.java:36)
[        ] 	at org.gradle.internal.work.DefaultWorkerLeaseService.withLocks(DefaultWorkerLeaseService.java:263)
[        ] 	at org.gradle.internal.work.DefaultWorkerLeaseService.runAsWorkerThread(DefaultWorkerLeaseService.java:127)
[        ] 	at org.gradle.launcher.exec.RunAsWorkerThreadBuildActionExecutor.execute(RunAsWorkerThreadBuildActionExecutor.java:36)
[        ] 	at org.gradle.tooling.internal.provider.continuous.ContinuousBuildActionExecutor.execute(ContinuousBuildActionExecutor.java:110)
[        ] 	at org.gradle.tooling.internal.provider.SubscribableBuildActionExecutor.execute(SubscribableBuildActionExecutor.java:64)
[        ] 	at org.gradle.internal.session.DefaultBuildSessionContext.execute(DefaultBuildSessionContext.java:46)
[        ] 	at org.gradle.internal.buildprocess.execution.BuildSessionLifecycleBuildActionExecutor$ActionImpl.apply(BuildSessionLifecycleBuildActionExecutor.java:92)
[   +1 ms] 	at org.gradle.internal.buildprocess.execution.BuildSessionLifecycleBuildActionExecutor$ActionImpl.apply(BuildSessionLifecycleBuildActionExecutor.java:80)
[        ] 	at org.gradle.internal.session.BuildSessionState.run(BuildSessionState.java:71)
[   +1 ms] 	at org.gradle.internal.buildprocess.execution.BuildSessionLifecycleBuildActionExecutor.execute(BuildSessionLifecycleBuildActionExecutor.java:62)
[        ] 	at org.gradle.internal.buildprocess.execution.BuildSessionLifecycleBuildActionExecutor.execute(BuildSessionLifecycleBuildActionExecutor.java:41)
[        ] 	at org.gradle.internal.buildprocess.execution.StartParamsValidatingActionExecutor.execute(StartParamsValidatingActionExecutor.java:64)
[        ] 	at org.gradle.internal.buildprocess.execution.StartParamsValidatingActionExecutor.execute(StartParamsValidatingActionExecutor.java:32)
[        ] 	at org.gradle.internal.buildprocess.execution.SessionFailureReportingActionExecutor.execute(SessionFailureReportingActionExecutor.java:51)
[        ] 	at org.gradle.internal.buildprocess.execution.SessionFailureReportingActionExecutor.execute(SessionFailureReportingActionExecutor.java:39)
[        ] 	at org.gradle.internal.buildprocess.execution.SetupLoggingActionExecutor.execute(SetupLoggingActionExecutor.java:47)
[        ] 	at org.gradle.internal.buildprocess.execution.SetupLoggingActionExecutor.execute(SetupLoggingActionExecutor.java:31)
[   +1 ms] 	at org.gradle.launcher.daemon.server.exec.ExecuteBuild.doBuild(ExecuteBuild.java:70)
[        ] 	at org.gradle.launcher.daemon.server.exec.BuildCommandOnly.execute(BuildCommandOnly.java:37)
[        ] 	at org.gradle.launcher.daemon.server.api.DaemonCommandExecution.proceed(DaemonCommandExecution.java:104)
[        ] 	at org.gradle.launcher.daemon.server.exec.WatchForDisconnection.execute(WatchForDisconnection.java:39)
[        ] 	at org.gradle.launcher.daemon.server.api.DaemonCommandExecution.proceed(DaemonCommandExecution.java:104)
[        ] 	at org.gradle.launcher.daemon.server.exec.ResetDeprecationLogger.execute(ResetDeprecationLogger.java:29)
[        ] 	at org.gradle.launcher.daemon.server.api.DaemonCommandExecution.proceed(DaemonCommandExecution.java:104)
[        ] 	at org.gradle.launcher.daemon.server.exec.RequestStopIfSingleUsedDaemon.execute(RequestStopIfSingleUsedDaemon.java:35)
[        ] 	at org.gradle.launcher.daemon.server.api.DaemonCommandExecution.proceed(DaemonCommandExecution.java:104)
[        ] 	at org.gradle.launcher.daemon.server.exec.ForwardClientInput.lambda$execute$0(ForwardClientInput.java:40)
[        ] 	at org.gradle.internal.daemon.clientinput.ClientInputForwarder.forwardInput(ClientInputForwarder.java:80)
[        ] 	at org.gradle.launcher.daemon.server.exec.ForwardClientInput.execute(ForwardClientInput.java:37)
[        ] 	at org.gradle.launcher.daemon.server.api.DaemonCommandExecution.proceed(DaemonCommandExecution.java:104)
[        ] 	at org.gradle.launcher.daemon.server.exec.LogAndCheckHealth.execute(LogAndCheckHealth.java:64)
[        ] 	at org.gradle.launcher.daemon.server.api.DaemonCommandExecution.proceed(DaemonCommandExecution.java:104)
[        ] 	at org.gradle.launcher.daemon.server.exec.LogToClient.doBuild(LogToClient.java:63)
[        ] 	at org.gradle.launcher.daemon.server.exec.BuildCommandOnly.execute(BuildCommandOnly.java:37)
[        ] 	at org.gradle.launcher.daemon.server.api.DaemonCommandExecution.proceed(DaemonCommandExecution.java:104)
[        ] 	at org.gradle.launcher.daemon.server.exec.EstablishBuildEnvironment.doBuild(EstablishBuildEnvironment.java:84)
[        ] 	at org.gradle.launcher.daemon.server.exec.BuildCommandOnly.execute(BuildCommandOnly.java:37)
[        ] 	at org.gradle.launcher.daemon.server.api.DaemonCommandExecution.proceed(DaemonCommandExecution.java:104)
[        ] 	at org.gradle.launcher.daemon.server.exec.StartBuildOrRespondWithBusy$1.run(StartBuildOrRespondWithBusy.java:52)
[   +1 ms] 	at org.gradle.launcher.daemon.server.DaemonStateCoordinator.lambda$runCommand$0(DaemonStateCoordinator.java:321)
[   +5 ms] 	at org.gradle.internal.concurrent.ExecutorPolicy$CatchAndRecordFailures.onExecute(ExecutorPolicy.java:64)
[        ] 	at org.gradle.internal.concurrent.AbstractManagedExecutor$1.run(AbstractManagedExecutor.java:48)
[        ] 	at java.base/java.util.concurrent.ThreadPoolExecutor.runWorker(Unknown Source)
[        ] 	at java.base/java.util.concurrent.ThreadPoolExecutor$Worker.run(Unknown Source)
[        ] 	at java.base/java.lang.Thread.run(Unknown Source)
[        ] Caused by: java.lang.RuntimeException: org.gradle.api.reflect.ObjectInstantiationException: Could not create an instance of type com.android.build.api.variant.impl.LibraryVariantBuilderImpl.
[        ] 	at com.android.builder.profile.ThreadRecorder.record(ThreadRecorder.java:71)
[  +11 ms] 	at com.android.builder.profile.ThreadRecorder.record(ThreadRecorder.java:54)
[        ] 	at com.android.build.gradle.internal.profile.AnalyticsResourceManager.recordBlockAtConfiguration(AnalyticsResourceManager.kt:222)
[   +1 ms] 	at com.android.build.gradle.internal.profile.AnalyticsConfiguratorService.recordBlock(AnalyticsConfiguratorService.kt:111)
[        ] 	at com.android.build.gradle.internal.plugins.BasePlugin$createTasks$2.accept(BasePlugin.kt:589)
[        ] 	at com.android.build.gradle.internal.plugins.BasePlugin$createTasks$2.accept(BasePlugin.kt:586)
[        ] 	at com.android.build.gradle.internal.crash.CrashReporting$afterEvaluate$1.execute(crash_reporting.kt:37)
[        ] 	at com.android.build.gradle.internal.crash.CrashReporting$afterEvaluate$1.execute(crash_reporting.kt:35)
[        ] 	at org.gradle.internal.code.DefaultUserCodeApplicationContext$CurrentApplication$1.execute(DefaultUserCodeApplicationContext.java:124)
[        ] 	at org.gradle.configuration.internal.DefaultListenerBuildOperationDecorator$BuildOperationEmittingAction$1.run(DefaultListenerBuildOperationDecorator.java:173)
[        ] 	at org.gradle.internal.operations.DefaultBuildOperationRunner$1.execute(DefaultBuildOperationRunner.java:29)
[        ] 	at org.gradle.internal.operations.DefaultBuildOperationRunner$1.execute(DefaultBuildOperationRunner.java:26)
[  +17 ms] 	at org.gradle.internal.operations.DefaultBuildOperationRunner$2.execute(DefaultBuildOperationRunner.java:66)
[        ] 	at org.gradle.internal.operations.DefaultBuildOperationRunner$2.execute(DefaultBuildOperationRunner.java:59)
[        ] 	at org.gradle.internal.operations.DefaultBuildOperationRunner.execute(DefaultBuildOperationRunner.java:166)
[   +2 ms] 	at org.gradle.internal.operations.DefaultBuildOperationRunner.execute(DefaultBuildOperationRunner.java:59)
[        ] 	at org.gradle.internal.operations.DefaultBuildOperationRunner.run(DefaultBuildOperationRunner.java:47)
[        ] 	at org.gradle.configuration.internal.DefaultListenerBuildOperationDecorator$BuildOperationEmittingAction.execute(DefaultListenerBuildOperationDecorator.java:170)
[        ] 	at org.gradle.internal.event.BroadcastDispatch$ActionInvocationHandler.dispatch(BroadcastDispatch.java:99)
[        ] 	at org.gradle.internal.event.BroadcastDispatch$ActionInvocationHandler.dispatch(BroadcastDispatch.java:87)
[        ] 	at org.gradle.internal.event.AbstractBroadcastDispatch.dispatch(AbstractBroadcastDispatch.java:44)
[        ] 	at org.gradle.internal.event.BroadcastDispatch$SingletonDispatch.dispatch(BroadcastDispatch.java:268)
[        ] 	at org.gradle.internal.event.BroadcastDispatch$SingletonDispatch.dispatch(BroadcastDispatch.java:170)
[        ] 	at org.gradle.internal.event.AbstractBroadcastDispatch.dispatch(AbstractBroadcastDispatch.java:84)
[        ] 	at org.gradle.internal.event.AbstractBroadcastDispatch.dispatch(AbstractBroadcastDispatch.java:70)
[        ] 	at org.gradle.internal.event.BroadcastDispatch$CompositeDispatch.dispatch(BroadcastDispatch.java:380)
[        ] 	at org.gradle.internal.event.BroadcastDispatch$CompositeDispatch.dispatch(BroadcastDispatch.java:272)
[        ] 	at org.gradle.internal.event.ListenerBroadcast.dispatch(ListenerBroadcast.java:153)
[        ] 	at org.gradle.internal.event.ListenerBroadcast.dispatch(ListenerBroadcast.java:38)
[        ] 	at org.gradle.internal.dispatch.ProxyDispatchAdapter$DispatchingInvocationHandler.invoke(ProxyDispatchAdapter.java:92)
[        ] 	at jdk.proxy1/jdk.proxy1.$Proxy66.afterEvaluate(Unknown Source)
[        ] 	at org.gradle.configuration.project.LifecycleProjectEvaluator$NotifyAfterEvaluate$1.execute(LifecycleProjectEvaluator.java:247)
[        ] 	at org.gradle.configuration.project.LifecycleProjectEvaluator$NotifyAfterEvaluate$1.execute(LifecycleProjectEvaluator.java:244)
[        ] 	at org.gradle.api.internal.project.DefaultProject.stepEvaluationListener(DefaultProject.java:1604)
[        ] 	at org.gradle.configuration.project.LifecycleProjectEvaluator$NotifyAfterEvaluate.run(LifecycleProjectEvaluator.java:253)
[        ] 	at org.gradle.internal.operations.DefaultBuildOperationRunner$1.execute(DefaultBuildOperationRunner.java:29)
[        ] 	at org.gradle.internal.operations.DefaultBuildOperationRunner$1.execute(DefaultBuildOperationRunner.java:26)
[        ] 	at org.gradle.internal.operations.DefaultBuildOperationRunner$2.execute(DefaultBuildOperationRunner.java:66)
[        ] 	at org.gradle.internal.operations.DefaultBuildOperationRunner$2.execute(DefaultBuildOperationRunner.java:59)
[   +2 ms] 	at org.gradle.internal.operations.DefaultBuildOperationRunner.execute(DefaultBuildOperationRunner.java:166)
[        ] 	at org.gradle.internal.operations.DefaultBuildOperationRunner.execute(DefaultBuildOperationRunner.java:59)
[        ] 	at org.gradle.internal.operations.DefaultBuildOperationRunner.run(DefaultBuildOperationRunner.java:47)
[   +3 ms] 	at org.gradle.configuration.project.LifecycleProjectEvaluator$EvaluateProject.lambda$run$0(LifecycleProjectEvaluator.java:114)
[  +12 ms] 	at org.gradle.api.internal.project.DefaultProjectStateRegistry$ProjectStateImpl.lambda$applyToMutableState$1(DefaultProjectStateRegistry.java:411)
[   +1 ms] 	at org.gradle.api.internal.project.DefaultProjectStateRegistry$ProjectStateImpl.lambda$fromMutableState$2(DefaultProjectStateRegistry.java:434)
[        ] 	at org.gradle.internal.work.DefaultWorkerLeaseService.withReplacedLocks(DefaultWorkerLeaseService.java:359)
[        ] 	at org.gradle.api.internal.project.DefaultProjectStateRegistry$ProjectStateImpl.fromMutableState(DefaultProjectStateRegistry.java:434)
[        ] 	at org.gradle.api.internal.project.DefaultProjectStateRegistry$ProjectStateImpl.applyToMutableState(DefaultProjectStateRegistry.java:410)
[        ] 	at org.gradle.configuration.project.LifecycleProjectEvaluator$EvaluateProject.run(LifecycleProjectEvaluator.java:100)
[        ] 	at org.gradle.internal.operations.DefaultBuildOperationRunner$1.execute(DefaultBuildOperationRunner.java:29)
[   +5 ms] 	at org.gradle.internal.operations.DefaultBuildOperationRunner$1.execute(DefaultBuildOperationRunner.java:26)
[        ] 	at org.gradle.internal.operations.DefaultBuildOperationRunner$2.execute(DefaultBuildOperationRunner.java:66)
[        ] 	at org.gradle.internal.operations.DefaultBuildOperationRunner$2.execute(DefaultBuildOperationRunner.java:59)
[        ] 	at org.gradle.internal.operations.DefaultBuildOperationRunner.execute(DefaultBuildOperationRunner.java:166)
[        ] 	at org.gradle.internal.operations.DefaultBuildOperationRunner.execute(DefaultBuildOperationRunner.java:59)
[        ] 	at org.gradle.internal.operations.DefaultBuildOperationRunner.run(DefaultBuildOperationRunner.java:47)
[        ] 	at org.gradle.configuration.project.LifecycleProjectEvaluator.evaluate(LifecycleProjectEvaluator.java:72)
[        ] 	at org.gradle.api.internal.project.DefaultProject.evaluateUnchecked(DefaultProject.java:828)
[        ] 	at org.gradle.api.internal.project.ProjectLifecycleController.lambda$ensureSelfConfigured$2(ProjectLifecycleController.java:85)
[        ] 	at org.gradle.internal.model.StateTransitionController.lambda$doTransition$14(StateTransitionController.java:255)
[        ] 	at org.gradle.internal.model.StateTransitionController.doTransition(StateTransitionController.java:266)
[        ] 	at org.gradle.internal.model.StateTransitionController.doTransition(StateTransitionController.java:254)
[        ] 	at org.gradle.internal.model.StateTransitionController.lambda$maybeTransitionIfNotCurrentlyTransitioning$10(StateTransitionController.java:199)
[        ] 	at org.gradle.internal.work.DefaultSynchronizer.withLock(DefaultSynchronizer.java:36)
[        ] 	at org.gradle.internal.model.StateTransitionController.maybeTransitionIfNotCurrentlyTransitioning(StateTransitionController.java:195)
[        ] 	at org.gradle.api.internal.project.ProjectLifecycleController.ensureSelfConfigured(ProjectLifecycleController.java:85)
[        ] 	at org.gradle.api.internal.project.DefaultProjectStateRegistry$ProjectStateImpl.ensureConfigured(DefaultProjectStateRegistry.java:385)
[        ] 	at org.gradle.execution.TaskPathProjectEvaluator.configure(TaskPathProjectEvaluator.java:42)
[        ] 	at org.gradle.execution.TaskPathProjectEvaluator.configureHierarchy(TaskPathProjectEvaluator.java:58)
[        ] 	at org.gradle.configuration.DefaultProjectsPreparer.prepareProjects(DefaultProjectsPreparer.java:50)
[        ] 	at org.gradle.configuration.BuildTreePreparingProjectsPreparer.prepareProjects(BuildTreePreparingProjectsPreparer.java:65)
[   +1 ms] 	at org.gradle.configuration.BuildOperationFiringProjectsPreparer$ConfigureBuild.run(BuildOperationFiringProjectsPreparer.java:52)
[        ] 	at org.gradle.internal.operations.DefaultBuildOperationRunner$1.execute(DefaultBuildOperationRunner.java:29)
[        ] 	at org.gradle.internal.operations.DefaultBuildOperationRunner$1.execute(DefaultBuildOperationRunner.java:26)
[        ] 	at org.gradle.internal.operations.DefaultBuildOperationRunner$2.execute(DefaultBuildOperationRunner.java:66)
[        ] 	at org.gradle.internal.operations.DefaultBuildOperationRunner$2.execute(DefaultBuildOperationRunner.java:59)
[        ] 	at org.gradle.internal.operations.DefaultBuildOperationRunner.execute(DefaultBuildOperationRunner.java:166)
[        ] 	at org.gradle.internal.operations.DefaultBuildOperationRunner.execute(DefaultBuildOperationRunner.java:59)
[        ] 	at org.gradle.internal.operations.DefaultBuildOperationRunner.run(DefaultBuildOperationRunner.java:47)
[        ] 	at org.gradle.configuration.BuildOperationFiringProjectsPreparer.prepareProjects(BuildOperationFiringProjectsPreparer.java:40)
[        ] 	at org.gradle.initialization.VintageBuildModelController.lambda$prepareProjects$2(VintageBuildModelController.java:84)
[        ] 	at org.gradle.internal.model.StateTransitionController.lambda$doTransition$14(StateTransitionController.java:255)
[        ] 	at org.gradle.internal.model.StateTransitionController.doTransition(StateTransitionController.java:266)
[        ] 	at org.gradle.internal.model.StateTransitionController.doTransition(StateTransitionController.java:254)
[        ] 	at org.gradle.internal.model.StateTransitionController.lambda$transitionIfNotPreviously$11(StateTransitionController.java:213)
[        ] 	at org.gradle.internal.work.DefaultSynchronizer.withLock(DefaultSynchronizer.java:36)
[        ] 	at org.gradle.internal.model.StateTransitionController.transitionIfNotPreviously(StateTransitionController.java:209)
[        ] 	at org.gradle.initialization.VintageBuildModelController.prepareProjects(VintageBuildModelController.java:84)
[        ] 	at org.gradle.initialization.VintageBuildModelController.prepareToScheduleTasks(VintageBuildModelController.java:71)
[        ] 	at org.gradle.internal.build.DefaultBuildLifecycleController.lambda$prepareToScheduleTasks$6(DefaultBuildLifecycleController.java:175)
[        ] 	at org.gradle.internal.model.StateTransitionController.lambda$doTransition$14(StateTransitionController.java:255)
[        ] 	at org.gradle.internal.model.StateTransitionController.doTransition(StateTransitionController.java:266)
[        ] 	at org.gradle.internal.model.StateTransitionController.doTransition(StateTransitionController.java:254)
[        ] 	at org.gradle.internal.model.StateTransitionController.lambda$maybeTransition$9(StateTransitionController.java:190)
[        ] 	at org.gradle.internal.work.DefaultSynchronizer.withLock(DefaultSynchronizer.java:36)
[        ] 	at org.gradle.internal.model.StateTransitionController.maybeTransition(StateTransitionController.java:186)
[        ] 	at org.gradle.internal.build.DefaultBuildLifecycleController.prepareToScheduleTasks(DefaultBuildLifecycleController.java:173)
[        ] 	at org.gradle.internal.buildtree.DefaultBuildTreeWorkPreparer.scheduleRequestedTasks(DefaultBuildTreeWorkPreparer.java:36)
[   +6 ms] 	at org.gradle.internal.cc.impl.VintageBuildTreeWorkController$scheduleAndRunRequestedTasks$1.apply(VintageBuildTreeWorkController.kt:36)
[        ] 	at org.gradle.internal.cc.impl.VintageBuildTreeWorkController$scheduleAndRunRequestedTasks$1.apply(VintageBuildTreeWorkController.kt:35)
[        ] 	at org.gradle.composite.internal.DefaultIncludedBuildTaskGraph.withNewWorkGraph(DefaultIncludedBuildTaskGraph.java:112)
[        ] 	at org.gradle.internal.cc.impl.VintageBuildTreeWorkController.scheduleAndRunRequestedTasks(VintageBuildTreeWorkController.kt:35)
[        ] 	at org.gradle.internal.buildtree.DefaultBuildTreeLifecycleController.lambda$scheduleAndRunTasks$1(DefaultBuildTreeLifecycleController.java:77)
[        ] 	at org.gradle.internal.buildtree.DefaultBuildTreeLifecycleController.lambda$runBuild$4(DefaultBuildTreeLifecycleController.java:120)
[        ] 	at org.gradle.internal.model.StateTransitionController.lambda$transition$6(StateTransitionController.java:169)
[        ] 	at org.gradle.internal.model.StateTransitionController.doTransition(StateTransitionController.java:266)
[        ] 	at org.gradle.internal.model.StateTransitionController.lambda$transition$7(StateTransitionController.java:169)
[        ] 	at org.gradle.internal.work.DefaultSynchronizer.withLock(DefaultSynchronizer.java:46)
[        ] 	at org.gradle.internal.model.StateTransitionController.transition(StateTransitionController.java:169)
[        ] 	at org.gradle.internal.buildtree.DefaultBuildTreeLifecycleController.runBuild(DefaultBuildTreeLifecycleController.java:117)
[        ] 	at org.gradle.internal.buildtree.DefaultBuildTreeLifecycleController.scheduleAndRunTasks(DefaultBuildTreeLifecycleController.java:77)
[        ] 	at org.gradle.internal.buildtree.DefaultBuildTreeLifecycleController.scheduleAndRunTasks(DefaultBuildTreeLifecycleController.java:72)
[        ] 	at org.gradle.tooling.internal.provider.ExecuteBuildActionRunner.run(ExecuteBuildActionRunner.java:31)
[        ] 	at org.gradle.launcher.exec.ChainingBuildActionRunner.run(ChainingBuildActionRunner.java:35)
[        ] 	at org.gradle.internal.buildtree.ProblemReportingBuildActionRunner.run(ProblemReportingBuildActionRunner.java:49)
[        ] 	at org.gradle.launcher.exec.BuildOutcomeReportingBuildActionRunner.run(BuildOutcomeReportingBuildActionRunner.java:71)
[        ] 	at org.gradle.tooling.internal.provider.FileSystemWatchingBuildActionRunner.run(FileSystemWatchingBuildActionRunner.java:135)
[        ] 	at org.gradle.launcher.exec.BuildCompletionNotifyingBuildActionRunner.run(BuildCompletionNotifyingBuildActionRunner.java:41)
[        ] 	at org.gradle.launcher.exec.RootBuildLifecycleBuildActionExecutor.lambda$execute$0(RootBuildLifecycleBuildActionExecutor.java:54)
[        ] 	at org.gradle.composite.internal.DefaultRootBuildState.run(DefaultRootBuildState.java:130)
[        ] 	at org.gradle.launcher.exec.RootBuildLifecycleBuildActionExecutor.execute(RootBuildLifecycleBuildActionExecutor.java:54)
[        ] 	at org.gradle.internal.buildtree.InitDeprecationLoggingActionExecutor.execute(InitDeprecationLoggingActionExecutor.java:62)
[        ] 	at org.gradle.internal.buildtree.InitProblems.execute(InitProblems.java:36)
[   +1 ms] 	at org.gradle.internal.buildtree.DefaultBuildTreeContext.execute(DefaultBuildTreeContext.java:40)
[        ] 	at org.gradle.launcher.exec.BuildTreeLifecycleBuildActionExecutor.lambda$execute$0(BuildTreeLifecycleBuildActionExecutor.java:71)
[        ] 	at org.gradle.internal.buildtree.BuildTreeState.run(BuildTreeState.java:60)
[        ] 	at org.gradle.launcher.exec.BuildTreeLifecycleBuildActionExecutor.execute(BuildTreeLifecycleBuildActionExecutor.java:71)
[   +1 ms] 	at org.gradle.launcher.exec.RunAsBuildOperationBuildActionExecutor$2.call(RunAsBuildOperationBuildActionExecutor.java:67)
[        ] 	at org.gradle.launcher.exec.RunAsBuildOperationBuildActionExecutor$2.call(RunAsBuildOperationBuildActionExecutor.java:63)
[        ] 	at org.gradle.internal.operations.DefaultBuildOperationRunner$CallableBuildOperationWorker.execute(DefaultBuildOperationRunner.java:209)
[        ] 	at org.gradle.internal.operations.DefaultBuildOperationRunner$CallableBuildOperationWorker.execute(DefaultBuildOperationRunner.java:204)
[        ] 	at org.gradle.internal.operations.DefaultBuildOperationRunner$2.execute(DefaultBuildOperationRunner.java:66)
[        ] 	at org.gradle.internal.operations.DefaultBuildOperationRunner$2.execute(DefaultBuildOperationRunner.java:59)
[        ] 	at org.gradle.internal.operations.DefaultBuildOperationRunner.execute(DefaultBuildOperationRunner.java:166)
[        ] 	at org.gradle.internal.operations.DefaultBuildOperationRunner.execute(DefaultBuildOperationRunner.java:59)
[        ] 	at org.gradle.internal.operations.DefaultBuildOperationRunner.call(DefaultBuildOperationRunner.java:53)
[        ] 	at org.gradle.launcher.exec.RunAsBuildOperationBuildActionExecutor.execute(RunAsBuildOperationBuildActionExecutor.java:63)
[        ] 	at org.gradle.launcher.exec.RunAsWorkerThreadBuildActionExecutor.lambda$execute$0(RunAsWorkerThreadBuildActionExecutor.java:36)
[        ] 	at org.gradle.internal.work.DefaultWorkerLeaseService.withLocks(DefaultWorkerLeaseService.java:263)
[        ] 	at org.gradle.internal.work.DefaultWorkerLeaseService.runAsWorkerThread(DefaultWorkerLeaseService.java:127)
[        ] 	at org.gradle.launcher.exec.RunAsWorkerThreadBuildActionExecutor.execute(RunAsWorkerThreadBuildActionExecutor.java:36)
[        ] 	at org.gradle.tooling.internal.provider.continuous.ContinuousBuildActionExecutor.execute(ContinuousBuildActionExecutor.java:110)
[        ] 	at org.gradle.tooling.internal.provider.SubscribableBuildActionExecutor.execute(SubscribableBuildActionExecutor.java:64)
[        ] 	at org.gradle.internal.session.DefaultBuildSessionContext.execute(DefaultBuildSessionContext.java:46)
[        ] 	at org.gradle.internal.buildprocess.execution.BuildSessionLifecycleBuildActionExecutor$ActionImpl.apply(BuildSessionLifecycleBuildActionExecutor.java:92)
[        ] 	at org.gradle.internal.buildprocess.execution.BuildSessionLifecycleBuildActionExecutor$ActionImpl.apply(BuildSessionLifecycleBuildActionExecutor.java:80)
[        ] 	at org.gradle.internal.session.BuildSessionState.run(BuildSessionState.java:71)
[        ] 	at org.gradle.internal.buildprocess.execution.BuildSessionLifecycleBuildActionExecutor.execute(BuildSessionLifecycleBuildActionExecutor.java:62)
[        ] 	at org.gradle.internal.buildprocess.execution.BuildSessionLifecycleBuildActionExecutor.execute(BuildSessionLifecycleBuildActionExecutor.java:41)
[        ] 	at org.gradle.internal.buildprocess.execution.StartParamsValidatingActionExecutor.execute(StartParamsValidatingActionExecutor.java:64)
[        ] 	at org.gradle.internal.buildprocess.execution.StartParamsValidatingActionExecutor.execute(StartParamsValidatingActionExecutor.java:32)
[        ] 	at org.gradle.internal.buildprocess.execution.SessionFailureReportingActionExecutor.execute(SessionFailureReportingActionExecutor.java:51)
[        ] 	at org.gradle.internal.buildprocess.execution.SessionFailureReportingActionExecutor.execute(SessionFailureReportingActionExecutor.java:39)
[        ] 	at org.gradle.internal.buildprocess.execution.SetupLoggingActionExecutor.execute(SetupLoggingActionExecutor.java:47)
[        ] 	at org.gradle.internal.buildprocess.execution.SetupLoggingActionExecutor.execute(SetupLoggingActionExecutor.java:31)
[        ] 	at org.gradle.launcher.daemon.server.exec.ExecuteBuild.doBuild(ExecuteBuild.java:70)
[        ] 	at org.gradle.launcher.daemon.server.exec.BuildCommandOnly.execute(BuildCommandOnly.java:37)
[        ] 	at org.gradle.launcher.daemon.server.api.DaemonCommandExecution.proceed(DaemonCommandExecution.java:104)
[        ] 	at org.gradle.launcher.daemon.server.exec.WatchForDisconnection.execute(WatchForDisconnection.java:39)
[        ] 	at org.gradle.launcher.daemon.server.api.DaemonCommandExecution.proceed(DaemonCommandExecution.java:104)
[        ] 	at org.gradle.launcher.daemon.server.exec.ResetDeprecationLogger.execute(ResetDeprecationLogger.java:29)
[        ] 	at org.gradle.launcher.daemon.server.api.DaemonCommandExecution.proceed(DaemonCommandExecution.java:104)
[        ] 	at org.gradle.launcher.daemon.server.exec.RequestStopIfSingleUsedDaemon.execute(RequestStopIfSingleUsedDaemon.java:35)
[        ] 	at org.gradle.launcher.daemon.server.api.DaemonCommandExecution.proceed(DaemonCommandExecution.java:104)
[        ] 	at org.gradle.launcher.daemon.server.exec.ForwardClientInput.lambda$execute$0(ForwardClientInput.java:40)
[        ] 	at org.gradle.internal.daemon.clientinput.ClientInputForwarder.forwardInput(ClientInputForwarder.java:80)
[        ] 	at org.gradle.launcher.daemon.server.exec.ForwardClientInput.execute(ForwardClientInput.java:37)
[        ] 	at org.gradle.launcher.daemon.server.api.DaemonCommandExecution.proceed(DaemonCommandExecution.java:104)
[        ] 	at org.gradle.launcher.daemon.server.exec.LogAndCheckHealth.execute(LogAndCheckHealth.java:64)
[        ] 	at org.gradle.launcher.daemon.server.api.DaemonCommandExecution.proceed(DaemonCommandExecution.java:104)
[        ] 	at org.gradle.launcher.daemon.server.exec.LogToClient.doBuild(LogToClient.java:63)
[        ] 	at org.gradle.launcher.daemon.server.exec.BuildCommandOnly.execute(BuildCommandOnly.java:37)
[        ] 	at org.gradle.launcher.daemon.server.api.DaemonCommandExecution.proceed(DaemonCommandExecution.java:104)
[   +1 ms] 	at org.gradle.launcher.daemon.server.exec.EstablishBuildEnvironment.doBuild(EstablishBuildEnvironment.java:84)
[        ] 	at org.gradle.launcher.daemon.server.exec.BuildCommandOnly.execute(BuildCommandOnly.java:37)
[        ] 	at org.gradle.launcher.daemon.server.api.DaemonCommandExecution.proceed(DaemonCommandExecution.java:104)
[        ] 	at org.gradle.launcher.daemon.server.exec.StartBuildOrRespondWithBusy$1.run(StartBuildOrRespondWithBusy.java:52)
[        ] 	at org.gradle.launcher.daemon.server.DaemonStateCoordinator.lambda$runCommand$0(DaemonStateCoordinator.java:321)
[   +2 ms] 	at org.gradle.internal.concurrent.ExecutorPolicy$CatchAndRecordFailures.onExecute(ExecutorPolicy.java:64)
[        ] 	at org.gradle.internal.concurrent.AbstractManagedExecutor$1.run(AbstractManagedExecutor.java:48)
[        ] 	at java.base/java.util.concurrent.ThreadPoolExecutor.runWorker(Unknown Source)
[        ] 	at java.base/java.util.concurrent.ThreadPoolExecutor$Worker.run(Unknown Source)
[   +2 ms] 	at java.base/java.lang.Thread.run(Unknown Source)
[        ] Caused by: org.gradle.api.reflect.ObjectInstantiationException: Could not create an instance of type com.android.build.api.variant.impl.LibraryVariantBuilderImpl.
[        ] 	at org.gradle.internal.instantiation.generator.DependencyInjectingInstantiator.doCreate(DependencyInjectingInstantiator.java:67)
[        ] 	at org.gradle.internal.instantiation.generator.DependencyInjectingInstantiator.newInstance(DependencyInjectingInstantiator.java:53)
[   +1 ms] 	at org.gradle.api.internal.model.DefaultObjectFactory.newInstance(DefaultObjectFactory.java:92)
[        ] 	at com.android.build.gradle.internal.services.BaseServicesImpl.newInstance(BaseServicesImpl.kt:36)
[        ] 	at com.android.build.gradle.internal.variant.LibraryVariantFactory.createVariantBuilder(LibraryVariantFactory.kt:70)
[        ] 	at com.android.build.gradle.internal.variant.LibraryVariantFactory.createVariantBuilder(LibraryVariantFactory.kt:58)
[        ] 	at com.android.build.gradle.internal.VariantManager.createVariant(VariantManager.kt:302)
[        ] 	at com.android.build.gradle.internal.VariantManager.createVariantsFromCombination(VariantManager.kt:846)
[        ] 	at com.android.build.gradle.internal.VariantManager.computeVariants(VariantManager.kt:228)
[        ] 	at com.android.build.gradle.internal.VariantManager.createVariants(VariantManager.kt:189)
[        ] 	at com.android.build.gradle.internal.plugins.BasePlugin.createAndroidTasks(BasePlugin.kt:721)
[        ] 	at com.android.build.gradle.internal.plugins.BasePlugin$createTasks$2$1.call(BasePlugin.kt:594)
[        ] 	at com.android.builder.profile.ThreadRecorder.record(ThreadRecorder.java:69)
[        ] 	... 182 more
[   +1 ms] Caused by: com.android.builder.errors.EvalIssueException: Namespace not specified. Specify a namespace in the module's build file: C:\Users\PC\AppData\Local\Pub\Cache\hosted\pub.dev\flutter_windowmanager-0.2.0\android\build.gradle. See https://d.android.com/r/tools/upgrade-assistant/set-namespace for information about setting the namespace.
[        ] If you've specified the package attribute in the source AndroidManifest.xml, you can use the AGP Upgrade Assistant to migrate to the namespace value in the build file. Refer to https://d.android.com/r/tools/upgrade-assistant/agp-upgrade-assistant for general information about using the AGP Upgrade Assistant.
[        ] 	at com.android.builder.errors.IssueReporter.reportError(IssueReporter.kt:118)
[        ] 	at com.android.builder.errors.IssueReporter.reportError$default(IssueReporter.kt:113)
[        ] 	at com.android.build.gradle.internal.core.dsl.impl.VariantDslInfoImpl.getNamespace(VariantDslInfoImpl.kt:92)
[        ] 	at com.android.build.gradle.internal.core.dsl.impl.VariantDslInfoImpl.initApplicationId(VariantDslInfoImpl.kt:131)
[        ] 	at com.android.build.gradle.internal.core.dsl.impl.VariantDslInfoImpl.access$initApplicationId(VariantDslInfoImpl.kt:37)
[        ] 	at com.android.build.gradle.internal.core.dsl.impl.VariantDslInfoImpl$applicationId$2.invoke(VariantDslInfoImpl.kt:100)
[        ] 	at com.android.build.gradle.internal.core.dsl.impl.VariantDslInfoImpl$applicationId$2.invoke(VariantDslInfoImpl.kt:97)
[        ] 	at kotlin.SynchronizedLazyImpl.getValue(LazyJVM.kt:74)
[   +2 ms] 	at com.android.build.gradle.internal.core.dsl.impl.VariantDslInfoImpl.getApplicationId(VariantDslInfoImpl.kt:97)
[        ] 	at com.android.build.gradle.internal.core.dsl.impl.ComponentDslInfoImpl$mergedFlavor$2.invoke(ComponentDslInfoImpl.kt:71)
[        ] 	at com.android.build.gradle.internal.core.dsl.impl.ComponentDslInfoImpl$mergedFlavor$2.invoke(ComponentDslInfoImpl.kt:67)
[        ] 	at kotlin.SynchronizedLazyImpl.getValue(LazyJVM.kt:74)
[        ] 	at com.android.build.gradle.internal.core.dsl.impl.ComponentDslInfoImpl.getMergedFlavor(ComponentDslInfoImpl.kt:67)
[        ] 	at com.android.build.gradle.internal.core.dsl.impl.VariantDslInfoImpl.getMinSdkVersion(VariantDslInfoImpl.kt:63)
[        ] 	at com.android.build.api.variant.impl.VariantBuilderImpl.<init>(VariantBuilderImpl.kt:48)
[        ] 	at com.android.build.api.variant.impl.LibraryVariantBuilderImpl.<init>(LibraryVariantBuilderImpl.kt:39)
[        ] 	at com.android.build.api.variant.impl.LibraryVariantBuilderImpl_Decorated.<init>(Unknown Source)
[        ] 	at java.base/jdk.internal.reflect.DirectConstructorHandleAccessor.newInstance(Unknown Source)
[        ] 	at java.base/java.lang.reflect.Constructor.newInstanceWithCaller(Unknown Source)
[        ] 	at java.base/java.lang.reflect.Constructor.newInstance(Unknown Source)
[        ] 	at org.gradle.internal.instantiation.generator.AsmBackedClassGenerator$InvokeConstructorStrategy.newInstance(AsmBackedClassGenerator.java:2127)
[        ] 	at org.gradle.internal.instantiation.generator.AbstractClassGenerator$GeneratedClassImpl$GeneratedConstructorImpl.newInstance(AbstractClassGenerator.java:541)
[        ] 	at org.gradle.internal.instantiation.generator.DependencyInjectingInstantiator.doCreate(DependencyInjectingInstantiator.java:62)
[  +41 ms] 	... 194 more
[        ] BUILD FAILED in 12s
[        ] Deprecated Gradle features were used in this build, making it incompatible with Gradle 9.0.
[        ] You can use '--warning-mode all' to show the individual deprecation warnings and determine if they come from your own scripts or plugins.
[   +2 ms] For more on this, please refer to https://docs.gradle.org/8.12/userguide/command_line_interface.html#sec:command_line_warnings in the Gradle documentation.
[        ] 4 actionable tasks: 4 up-to-date
[        ] Watched directory hierarchies: [C:\flutter\packages\flutter_tools\gradle]
[ +363 ms] Running Gradle task 'assembleRelease'... (completed in 13.7s)
[ +293 ms] "flutter apk" took 26,764ms.
[ +707 ms] Gradle task assembleRelease failed with exit code 1
[   +1 ms] 
           #0      throwToolExit (package:flutter_tools/src/base/common.dart:34:3)
           #1      AndroidGradleBuilder.buildGradleApp (package:flutter_tools/src/android/gradle.dart:600:7)
           <asynchronous suspension>
           #2      AndroidGradleBuilder.buildApk (package:flutter_tools/src/android/gradle.dart:239:5)
           <asynchronous suspension>
           #3      BuildApkCommand.runCommand (package:flutter_tools/src/commands/build_apk.dart:131:5)
           <asynchronous suspension>
           #4      FlutterCommand.run.<anonymous closure> (package:flutter_tools/src/runner/flutter_command.dart:1581:27)
           <asynchronous suspension>
           #5      AppContext.run.<anonymous closure> (package:flutter_tools/src/base/context.dart:154:19)
           <asynchronous suspension>
           #6      CommandRunner.runCommand (package:args/command_runner.dart:212:13)
           <asynchronous suspension>
           #7      FlutterCommandRunner.runCommand.<anonymous closure> (package:flutter_tools/src/runner/flutter_command_runner.dart:503:9)
           <asynchronous suspension>
           #8      AppContext.run.<anonymous closure> (package:flutter_tools/src/base/context.dart:154:19)
           <asynchronous suspension>
           #9      FlutterCommandRunner.runCommand (package:flutter_tools/src/runner/flutter_command_runner.dart:438:5)
           <asynchronous suspension>
           #10     run.<anonymous closure>.<anonymous closure> (package:flutter_tools/runner.dart:98:11)
           <asynchronous suspension>
           #11     AppContext.run.<anonymous closure> (package:flutter_tools/src/base/context.dart:154:19)
           <asynchronous suspension>
           #12     main (package:flutter_tools/executable.dart:101:3)
           <asynchronous suspension>


[   +2 ms] Running 1 shutdown hook
[  +30 ms] Shutdown hooks complete
[ +288 ms] exiting with code 1
